{"C:\\growpath-commercial\\frontend\\src\\api\\auth.js": {"path":"C:\\growpath-commercial\\frontend\\src\\api\\auth.js","statementMap":{"0":{"start":{"line":6,"column":2},"end":{"line":16,"column":3}},"1":{"start":{"line":7,"column":17},"end":{"line":10,"column":6}},"2":{"start":{"line":11,"column":4},"end":{"line":11,"column":34}},"3":{"start":{"line":12,"column":4},"end":{"line":12,"column":28}},"4":{"start":{"line":13,"column":4},"end":{"line":13,"column":50}},"5":{"start":{"line":15,"column":4},"end":{"line":15,"column":62}},"6":{"start":{"line":21,"column":2},"end":{"line":32,"column":3}},"7":{"start":{"line":22,"column":20},"end":{"line":22,"column":58}},"8":{"start":{"line":23,"column":17},"end":{"line":26,"column":6}},"9":{"start":{"line":27,"column":4},"end":{"line":27,"column":34}},"10":{"start":{"line":28,"column":4},"end":{"line":28,"column":28}},"11":{"start":{"line":29,"column":4},"end":{"line":29,"column":50}},"12":{"start":{"line":31,"column":4},"end":{"line":31,"column":63}},"13":{"start":{"line":37,"column":2},"end":{"line":47,"column":3}},"14":{"start":{"line":38,"column":20},"end":{"line":38,"column":58}},"15":{"start":{"line":39,"column":17},"end":{"line":42,"column":6}},"16":{"start":{"line":43,"column":4},"end":{"line":43,"column":34}},"17":{"start":{"line":44,"column":4},"end":{"line":44,"column":33}},"18":{"start":{"line":46,"column":4},"end":{"line":46,"column":65}},"19":{"start":{"line":52,"column":2},"end":{"line":62,"column":3}},"20":{"start":{"line":53,"column":17},"end":{"line":55,"column":6}},"21":{"start":{"line":56,"column":4},"end":{"line":58,"column":5}},"22":{"start":{"line":57,"column":6},"end":{"line":57,"column":52}},"23":{"start":{"line":57,"column":23},"end":{"line":57,"column":52}},"24":{"start":{"line":59,"column":4},"end":{"line":59,"column":16}},"25":{"start":{"line":61,"column":4},"end":{"line":61,"column":71}},"26":{"start":{"line":67,"column":2},"end":{"line":75,"column":3}},"27":{"start":{"line":68,"column":17},"end":{"line":71,"column":6}},"28":{"start":{"line":72,"column":4},"end":{"line":72,"column":16}},"29":{"start":{"line":74,"column":4},"end":{"line":74,"column":72}}},"fnMap":{"0":{"name":"login","decl":{"start":{"line":5,"column":22},"end":{"line":5,"column":27}},"loc":{"start":{"line":5,"column":45},"end":{"line":17,"column":1}},"line":5},"1":{"name":"signup","decl":{"start":{"line":20,"column":22},"end":{"line":20,"column":28}},"loc":{"start":{"line":20,"column":69},"end":{"line":33,"column":1}},"line":20},"2":{"name":"register","decl":{"start":{"line":36,"column":22},"end":{"line":36,"column":30}},"loc":{"start":{"line":36,"column":71},"end":{"line":48,"column":1}},"line":36},"3":{"name":"becomeCreator","decl":{"start":{"line":51,"column":22},"end":{"line":51,"column":35}},"loc":{"start":{"line":51,"column":38},"end":{"line":63,"column":1}},"line":51},"4":{"name":"savePushToken","decl":{"start":{"line":66,"column":22},"end":{"line":66,"column":35}},"loc":{"start":{"line":66,"column":47},"end":{"line":76,"column":1}},"line":66}},"branchMap":{"0":{"loc":{"start":{"line":15,"column":10},"end":{"line":15,"column":61}},"type":"binary-expr","locations":[{"start":{"line":15,"column":10},"end":{"line":15,"column":28}},{"start":{"line":15,"column":32},"end":{"line":15,"column":43}},{"start":{"line":15,"column":47},"end":{"line":15,"column":61}}],"line":15},"1":{"loc":{"start":{"line":31,"column":10},"end":{"line":31,"column":62}},"type":"binary-expr","locations":[{"start":{"line":31,"column":10},"end":{"line":31,"column":28}},{"start":{"line":31,"column":32},"end":{"line":31,"column":43}},{"start":{"line":31,"column":47},"end":{"line":31,"column":62}}],"line":31},"2":{"loc":{"start":{"line":46,"column":10},"end":{"line":46,"column":64}},"type":"binary-expr","locations":[{"start":{"line":46,"column":10},"end":{"line":46,"column":28}},{"start":{"line":46,"column":32},"end":{"line":46,"column":43}},{"start":{"line":46,"column":47},"end":{"line":46,"column":64}}],"line":46},"3":{"loc":{"start":{"line":56,"column":4},"end":{"line":58,"column":5}},"type":"if","locations":[{"start":{"line":56,"column":4},"end":{"line":58,"column":5}},{"start":{},"end":{}}],"line":56},"4":{"loc":{"start":{"line":57,"column":6},"end":{"line":57,"column":52}},"type":"if","locations":[{"start":{"line":57,"column":6},"end":{"line":57,"column":52}},{"start":{},"end":{}}],"line":57},"5":{"loc":{"start":{"line":61,"column":10},"end":{"line":61,"column":70}},"type":"binary-expr","locations":[{"start":{"line":61,"column":10},"end":{"line":61,"column":28}},{"start":{"line":61,"column":32},"end":{"line":61,"column":43}},{"start":{"line":61,"column":47},"end":{"line":61,"column":70}}],"line":61},"6":{"loc":{"start":{"line":74,"column":10},"end":{"line":74,"column":71}},"type":"binary-expr","locations":[{"start":{"line":74,"column":10},"end":{"line":74,"column":28}},{"start":{"line":74,"column":32},"end":{"line":74,"column":43}},{"start":{"line":74,"column":47},"end":{"line":74,"column":71}}],"line":74}},"s":{"0":2,"1":2,"2":2,"3":2,"4":2,"5":0,"6":0,"7":0,"8":0,"9":0,"10":0,"11":0,"12":0,"13":0,"14":0,"15":0,"16":0,"17":0,"18":0,"19":1,"20":1,"21":1,"22":0,"23":0,"24":1,"25":0,"26":0,"27":0,"28":0,"29":0},"f":{"0":2,"1":0,"2":0,"3":1,"4":0},"b":{"0":[0,0,0],"1":[0,0,0],"2":[0,0,0],"3":[0,1],"4":[0,0],"5":[0,0,0],"6":[0,0,0]},"_coverageSchema":"1a1c01bbd47fc00a2c39e90264f33305004495a9","hash":"19b7cc5f7ea2e9c84ebb69a08b40955d566dc6f2"}
,"C:\\growpath-commercial\\frontend\\src\\api\\certificates.js": {"path":"C:\\growpath-commercial\\frontend\\src\\api\\certificates.js","statementMap":{"0":{"start":{"line":5,"column":2},"end":{"line":5,"column":39}},"1":{"start":{"line":9,"column":2},"end":{"line":9,"column":56}},"2":{"start":{"line":13,"column":2},"end":{"line":13,"column":56}}},"fnMap":{"0":{"name":"getMyCertificates","decl":{"start":{"line":4,"column":16},"end":{"line":4,"column":33}},"loc":{"start":{"line":4,"column":36},"end":{"line":6,"column":1}},"line":4},"1":{"name":"downloadCertificate","decl":{"start":{"line":8,"column":16},"end":{"line":8,"column":35}},"loc":{"start":{"line":8,"column":51},"end":{"line":10,"column":1}},"line":8},"2":{"name":"verifyCertificate","decl":{"start":{"line":12,"column":16},"end":{"line":12,"column":33}},"loc":{"start":{"line":12,"column":49},"end":{"line":14,"column":1}},"line":12}},"branchMap":{},"s":{"0":0,"1":0,"2":0},"f":{"0":0,"1":0,"2":0},"b":{},"_coverageSchema":"1a1c01bbd47fc00a2c39e90264f33305004495a9","hash":"f810908c15c2fb38b7507ca5860800cdfce23e77"}
,"C:\\growpath-commercial\\frontend\\src\\api\\client.js": {"path":"C:\\growpath-commercial\\frontend\\src\\api\\client.js","statementMap":{"0":{"start":{"line":1,"column":24},"end":{"line":1,"column":29}},"1":{"start":{"line":5,"column":4},"end":{"line":5,"column":19}},"2":{"start":{"line":6,"column":4},"end":{"line":6,"column":27}},"3":{"start":{"line":7,"column":4},"end":{"line":7,"column":25}},"4":{"start":{"line":8,"column":4},"end":{"line":8,"column":21}},"5":{"start":{"line":12,"column":24},"end":{"line":12,"column":59}},"6":{"start":{"line":15,"column":2},"end":{"line":17,"column":3}},"7":{"start":{"line":16,"column":4},"end":{"line":16,"column":35}},"8":{"start":{"line":18,"column":2},"end":{"line":26,"column":3}},"9":{"start":{"line":19,"column":4},"end":{"line":25,"column":6}},"10":{"start":{"line":27,"column":2},"end":{"line":27,"column":14}},"11":{"start":{"line":30,"column":23},"end":{"line":30,"column":57}},"12":{"start":{"line":32,"column":19},"end":{"line":33,"column":62}},"13":{"start":{"line":33,"column":2},"end":{"line":33,"column":62}},"14":{"start":{"line":35,"column":15},"end":{"line":35,"column":78}},"15":{"start":{"line":35,"column":26},"end":{"line":35,"column":78}},"16":{"start":{"line":39,"column":17},"end":{"line":39,"column":21}},"17":{"start":{"line":40,"column":19},"end":{"line":40,"column":23}},"18":{"start":{"line":46,"column":2},"end":{"line":46,"column":29}},"19":{"start":{"line":54,"column":2},"end":{"line":54,"column":66}},"20":{"start":{"line":62,"column":2},"end":{"line":62,"column":42}},"21":{"start":{"line":62,"column":21},"end":{"line":62,"column":42}},"22":{"start":{"line":63,"column":20},"end":{"line":63,"column":24}},"23":{"start":{"line":64,"column":2},"end":{"line":68,"column":3}},"24":{"start":{"line":65,"column":4},"end":{"line":65,"column":55}},"25":{"start":{"line":69,"column":2},"end":{"line":69,"column":38}},"26":{"start":{"line":69,"column":19},"end":{"line":69,"column":38}},"27":{"start":{"line":70,"column":2},"end":{"line":70,"column":28}},"28":{"start":{"line":74,"column":16},"end":{"line":74,"column":40}},"29":{"start":{"line":75,"column":2},"end":{"line":78,"column":4}},"30":{"start":{"line":82,"column":2},"end":{"line":82,"column":60}},"31":{"start":{"line":82,"column":43},"end":{"line":82,"column":60}},"32":{"start":{"line":83,"column":2},"end":{"line":83,"column":52}},"33":{"start":{"line":83,"column":40},"end":{"line":83,"column":52}},"34":{"start":{"line":84,"column":2},"end":{"line":84,"column":44}},"35":{"start":{"line":84,"column":32},"end":{"line":84,"column":44}},"36":{"start":{"line":85,"column":2},"end":{"line":85,"column":30}},"37":{"start":{"line":91,"column":29},"end":{"line":91,"column":42}},"38":{"start":{"line":92,"column":2},"end":{"line":92,"column":49}},"39":{"start":{"line":96,"column":21},"end":{"line":96,"column":46}},"40":{"start":{"line":97,"column":24},"end":{"line":97,"column":40}},"41":{"start":{"line":103,"column":6},"end":{"line":103,"column":24}},"42":{"start":{"line":105,"column":21},"end":{"line":105,"column":42}},"43":{"start":{"line":106,"column":25},"end":{"line":106,"column":64}},"44":{"start":{"line":107,"column":20},"end":{"line":107,"column":72}},"45":{"start":{"line":107,"column":37},"end":{"line":107,"column":55}},"46":{"start":{"line":109,"column":2},"end":{"line":186,"column":3}},"47":{"start":{"line":110,"column":19},"end":{"line":110,"column":47}},"48":{"start":{"line":111,"column":20},"end":{"line":111,"column":77}},"49":{"start":{"line":115,"column":6},"end":{"line":116,"column":72}},"50":{"start":{"line":117,"column":4},"end":{"line":119,"column":5}},"51":{"start":{"line":118,"column":6},"end":{"line":118,"column":44}},"52":{"start":{"line":121,"column":20},"end":{"line":121,"column":77}},"53":{"start":{"line":122,"column":27},"end":{"line":122,"column":67}},"54":{"start":{"line":123,"column":23},"end":{"line":123,"column":59}},"55":{"start":{"line":126,"column":4},"end":{"line":128,"column":5}},"56":{"start":{"line":127,"column":6},"end":{"line":127,"column":51}},"57":{"start":{"line":132,"column":4},"end":{"line":142,"column":5}},"58":{"start":{"line":133,"column":6},"end":{"line":133,"column":41}},"59":{"start":{"line":134,"column":11},"end":{"line":142,"column":5}},"60":{"start":{"line":135,"column":6},"end":{"line":135,"column":41}},"61":{"start":{"line":136,"column":11},"end":{"line":142,"column":5}},"62":{"start":{"line":137,"column":6},"end":{"line":137,"column":41}},"63":{"start":{"line":138,"column":11},"end":{"line":142,"column":5}},"64":{"start":{"line":139,"column":6},"end":{"line":139,"column":38}},"65":{"start":{"line":141,"column":6},"end":{"line":141,"column":32}},"66":{"start":{"line":144,"column":24},"end":{"line":149,"column":5}},"67":{"start":{"line":150,"column":4},"end":{"line":150,"column":59}},"68":{"start":{"line":150,"column":21},"end":{"line":150,"column":59}},"69":{"start":{"line":152,"column":16},"end":{"line":152,"column":50}},"70":{"start":{"line":154,"column":4},"end":{"line":154,"column":28}},"71":{"start":{"line":156,"column":17},"end":{"line":156,"column":33}},"72":{"start":{"line":158,"column":4},"end":{"line":162,"column":5}},"73":{"start":{"line":159,"column":6},"end":{"line":159,"column":44}},"74":{"start":{"line":161,"column":6},"end":{"line":161,"column":18}},"75":{"start":{"line":164,"column":4},"end":{"line":171,"column":5}},"76":{"start":{"line":165,"column":6},"end":{"line":169,"column":7}},"77":{"start":{"line":166,"column":8},"end":{"line":166,"column":70}},"78":{"start":{"line":167,"column":8},"end":{"line":167,"column":60}},"79":{"start":{"line":167,"column":33},"end":{"line":167,"column":58}},"80":{"start":{"line":168,"column":8},"end":{"line":168,"column":63}},"81":{"start":{"line":170,"column":6},"end":{"line":170,"column":73}},"82":{"start":{"line":173,"column":4},"end":{"line":173,"column":16}},"83":{"start":{"line":175,"column":4},"end":{"line":175,"column":28}},"84":{"start":{"line":177,"column":4},"end":{"line":180,"column":5}},"85":{"start":{"line":178,"column":6},"end":{"line":178,"column":83}},"86":{"start":{"line":179,"column":6},"end":{"line":179,"column":61}},"87":{"start":{"line":182,"column":4},"end":{"line":184,"column":5}},"88":{"start":{"line":183,"column":6},"end":{"line":183,"column":67}},"89":{"start":{"line":185,"column":4},"end":{"line":185,"column":16}},"90":{"start":{"line":191,"column":4},"end":{"line":191,"column":83}},"91":{"start":{"line":192,"column":2},"end":{"line":192,"column":50}},"92":{"start":{"line":197,"column":4},"end":{"line":197,"column":83}},"93":{"start":{"line":198,"column":15},"end":{"line":198,"column":34}},"94":{"start":{"line":199,"column":2},"end":{"line":203,"column":5}},"95":{"start":{"line":208,"column":4},"end":{"line":208,"column":83}},"96":{"start":{"line":209,"column":15},"end":{"line":209,"column":34}},"97":{"start":{"line":210,"column":2},"end":{"line":214,"column":5}},"98":{"start":{"line":219,"column":4},"end":{"line":219,"column":83}},"99":{"start":{"line":220,"column":15},"end":{"line":220,"column":34}},"100":{"start":{"line":221,"column":2},"end":{"line":225,"column":5}},"101":{"start":{"line":230,"column":4},"end":{"line":230,"column":83}},"102":{"start":{"line":231,"column":2},"end":{"line":231,"column":53}},"103":{"start":{"line":236,"column":4},"end":{"line":236,"column":83}},"104":{"start":{"line":237,"column":2},"end":{"line":237,"column":67}},"105":{"start":{"line":240,"column":15},"end":{"line":249,"column":2}}},"fnMap":{"0":{"name":"(anonymous_0)","decl":{"start":{"line":4,"column":2},"end":{"line":4,"column":3}},"loc":{"start":{"line":4,"column":37},"end":{"line":9,"column":3}},"line":4},"1":{"name":"resolveApiUrl","decl":{"start":{"line":14,"column":9},"end":{"line":14,"column":22}},"loc":{"start":{"line":14,"column":25},"end":{"line":28,"column":1}},"line":14},"2":{"name":"(anonymous_2)","decl":{"start":{"line":32,"column":19},"end":{"line":32,"column":20}},"loc":{"start":{"line":33,"column":2},"end":{"line":33,"column":62}},"line":33},"3":{"name":"(anonymous_3)","decl":{"start":{"line":35,"column":15},"end":{"line":35,"column":16}},"loc":{"start":{"line":35,"column":26},"end":{"line":35,"column":78}},"line":35},"4":{"name":"setAuthToken","decl":{"start":{"line":45,"column":16},"end":{"line":45,"column":28}},"loc":{"start":{"line":45,"column":36},"end":{"line":47,"column":1}},"line":45},"5":{"name":"setTokenGetter","decl":{"start":{"line":53,"column":16},"end":{"line":53,"column":30}},"loc":{"start":{"line":53,"column":41},"end":{"line":55,"column":1}},"line":53},"6":{"name":"pickToken","decl":{"start":{"line":61,"column":9},"end":{"line":61,"column":18}},"loc":{"start":{"line":61,"column":34},"end":{"line":71,"column":1}},"line":61},"7":{"name":"getAuthHeaders","decl":{"start":{"line":73,"column":9},"end":{"line":73,"column":23}},"loc":{"start":{"line":73,"column":51},"end":{"line":79,"column":1}},"line":73},"8":{"name":"serializeBody","decl":{"start":{"line":81,"column":9},"end":{"line":81,"column":22}},"loc":{"start":{"line":81,"column":29},"end":{"line":86,"column":1}},"line":81},"9":{"name":"normalizeOptions","decl":{"start":{"line":90,"column":9},"end":{"line":90,"column":25}},"loc":{"start":{"line":90,"column":40},"end":{"line":93,"column":1}},"line":90},"10":{"name":"api","decl":{"start":{"line":95,"column":15},"end":{"line":95,"column":18}},"loc":{"start":{"line":95,"column":39},"end":{"line":187,"column":1}},"line":95},"11":{"name":"(anonymous_11)","decl":{"start":{"line":107,"column":31},"end":{"line":107,"column":32}},"loc":{"start":{"line":107,"column":37},"end":{"line":107,"column":55}},"line":107},"12":{"name":"(anonymous_12)","decl":{"start":{"line":167,"column":26},"end":{"line":167,"column":27}},"loc":{"start":{"line":167,"column":33},"end":{"line":167,"column":58}},"line":167},"13":{"name":"get","decl":{"start":{"line":189,"column":15},"end":{"line":189,"column":18}},"loc":{"start":{"line":189,"column":46},"end":{"line":193,"column":1}},"line":189},"14":{"name":"post","decl":{"start":{"line":195,"column":15},"end":{"line":195,"column":19}},"loc":{"start":{"line":195,"column":53},"end":{"line":204,"column":1}},"line":195},"15":{"name":"put","decl":{"start":{"line":206,"column":15},"end":{"line":206,"column":18}},"loc":{"start":{"line":206,"column":52},"end":{"line":215,"column":1}},"line":206},"16":{"name":"patch","decl":{"start":{"line":217,"column":15},"end":{"line":217,"column":20}},"loc":{"start":{"line":217,"column":54},"end":{"line":226,"column":1}},"line":217},"17":{"name":"del","decl":{"start":{"line":228,"column":15},"end":{"line":228,"column":18}},"loc":{"start":{"line":228,"column":46},"end":{"line":232,"column":1}},"line":228},"18":{"name":"postMultipart","decl":{"start":{"line":234,"column":15},"end":{"line":234,"column":28}},"loc":{"start":{"line":234,"column":66},"end":{"line":238,"column":1}},"line":234}},"branchMap":{"0":{"loc":{"start":{"line":15,"column":2},"end":{"line":17,"column":3}},"type":"if","locations":[{"start":{"line":15,"column":2},"end":{"line":17,"column":3}},{"start":{},"end":{}}],"line":15},"1":{"loc":{"start":{"line":15,"column":6},"end":{"line":15,"column":62}},"type":"binary-expr","locations":[{"start":{"line":15,"column":6},"end":{"line":15,"column":35}},{"start":{"line":15,"column":39},"end":{"line":15,"column":62}}],"line":15},"2":{"loc":{"start":{"line":18,"column":2},"end":{"line":26,"column":3}},"type":"if","locations":[{"start":{"line":18,"column":2},"end":{"line":26,"column":3}},{"start":{},"end":{}}],"line":18},"3":{"loc":{"start":{"line":18,"column":6},"end":{"line":18,"column":51}},"type":"binary-expr","locations":[{"start":{"line":18,"column":6},"end":{"line":18,"column":36}},{"start":{"line":18,"column":40},"end":{"line":18,"column":51}}],"line":18},"4":{"loc":{"start":{"line":20,"column":6},"end":{"line":24,"column":10}},"type":"binary-expr","locations":[{"start":{"line":20,"column":6},"end":{"line":20,"column":37}},{"start":{"line":21,"column":6},"end":{"line":21,"column":25}},{"start":{"line":22,"column":6},"end":{"line":22,"column":42}},{"start":{"line":23,"column":6},"end":{"line":23,"column":37}},{"start":{"line":24,"column":6},"end":{"line":24,"column":10}}],"line":20},"5":{"loc":{"start":{"line":30,"column":23},"end":{"line":30,"column":57}},"type":"binary-expr","locations":[{"start":{"line":30,"column":23},"end":{"line":30,"column":38}},{"start":{"line":30,"column":42},"end":{"line":30,"column":57}}],"line":30},"6":{"loc":{"start":{"line":33,"column":2},"end":{"line":33,"column":62}},"type":"binary-expr","locations":[{"start":{"line":33,"column":2},"end":{"line":33,"column":33}},{"start":{"line":33,"column":37},"end":{"line":33,"column":62}}],"line":33},"7":{"loc":{"start":{"line":35,"column":26},"end":{"line":35,"column":78}},"type":"binary-expr","locations":[{"start":{"line":35,"column":26},"end":{"line":35,"column":53}},{"start":{"line":35,"column":57},"end":{"line":35,"column":78}}],"line":35},"8":{"loc":{"start":{"line":46,"column":15},"end":{"line":46,"column":28}},"type":"binary-expr","locations":[{"start":{"line":46,"column":15},"end":{"line":46,"column":20}},{"start":{"line":46,"column":24},"end":{"line":46,"column":28}}],"line":46},"9":{"loc":{"start":{"line":54,"column":17},"end":{"line":54,"column":65}},"type":"cond-expr","locations":[{"start":{"line":54,"column":50},"end":{"line":54,"column":58}},{"start":{"line":54,"column":61},"end":{"line":54,"column":65}}],"line":54},"10":{"loc":{"start":{"line":62,"column":2},"end":{"line":62,"column":42}},"type":"if","locations":[{"start":{"line":62,"column":2},"end":{"line":62,"column":42}},{"start":{},"end":{}}],"line":62},"11":{"loc":{"start":{"line":65,"column":18},"end":{"line":65,"column":54}},"type":"cond-expr","locations":[{"start":{"line":65,"column":33},"end":{"line":65,"column":47}},{"start":{"line":65,"column":50},"end":{"line":65,"column":54}}],"line":65},"12":{"loc":{"start":{"line":69,"column":2},"end":{"line":69,"column":38}},"type":"if","locations":[{"start":{"line":69,"column":2},"end":{"line":69,"column":38}},{"start":{},"end":{}}],"line":69},"13":{"loc":{"start":{"line":70,"column":9},"end":{"line":70,"column":27}},"type":"binary-expr","locations":[{"start":{"line":70,"column":9},"end":{"line":70,"column":19}},{"start":{"line":70,"column":23},"end":{"line":70,"column":27}}],"line":70},"14":{"loc":{"start":{"line":73,"column":39},"end":{"line":73,"column":49}},"type":"default-arg","locations":[{"start":{"line":73,"column":47},"end":{"line":73,"column":49}}],"line":73},"15":{"loc":{"start":{"line":77,"column":8},"end":{"line":77,"column":57}},"type":"cond-expr","locations":[{"start":{"line":77,"column":16},"end":{"line":77,"column":52}},{"start":{"line":77,"column":55},"end":{"line":77,"column":57}}],"line":77},"16":{"loc":{"start":{"line":82,"column":2},"end":{"line":82,"column":60}},"type":"if","locations":[{"start":{"line":82,"column":2},"end":{"line":82,"column":60}},{"start":{},"end":{}}],"line":82},"17":{"loc":{"start":{"line":82,"column":6},"end":{"line":82,"column":41}},"type":"binary-expr","locations":[{"start":{"line":82,"column":6},"end":{"line":82,"column":24}},{"start":{"line":82,"column":28},"end":{"line":82,"column":41}}],"line":82},"18":{"loc":{"start":{"line":83,"column":2},"end":{"line":83,"column":52}},"type":"if","locations":[{"start":{"line":83,"column":2},"end":{"line":83,"column":52}},{"start":{},"end":{}}],"line":83},"19":{"loc":{"start":{"line":83,"column":6},"end":{"line":83,"column":38}},"type":"binary-expr","locations":[{"start":{"line":83,"column":6},"end":{"line":83,"column":22}},{"start":{"line":83,"column":26},"end":{"line":83,"column":38}}],"line":83},"20":{"loc":{"start":{"line":84,"column":2},"end":{"line":84,"column":44}},"type":"if","locations":[{"start":{"line":84,"column":2},"end":{"line":84,"column":44}},{"start":{},"end":{}}],"line":84},"21":{"loc":{"start":{"line":90,"column":26},"end":{"line":90,"column":38}},"type":"default-arg","locations":[{"start":{"line":90,"column":36},"end":{"line":90,"column":38}}],"line":90},"22":{"loc":{"start":{"line":91,"column":29},"end":{"line":91,"column":42}},"type":"binary-expr","locations":[{"start":{"line":91,"column":29},"end":{"line":91,"column":36}},{"start":{"line":91,"column":40},"end":{"line":91,"column":42}}],"line":91},"23":{"loc":{"start":{"line":92,"column":18},"end":{"line":92,"column":31}},"type":"binary-expr","locations":[{"start":{"line":92,"column":18},"end":{"line":92,"column":23}},{"start":{"line":92,"column":27},"end":{"line":92,"column":31}}],"line":92},"24":{"loc":{"start":{"line":95,"column":25},"end":{"line":95,"column":37}},"type":"default-arg","locations":[{"start":{"line":95,"column":35},"end":{"line":95,"column":37}}],"line":95},"25":{"loc":{"start":{"line":99,"column":4},"end":{"line":99,"column":15}},"type":"default-arg","locations":[{"start":{"line":99,"column":14},"end":{"line":99,"column":15}}],"line":99},"26":{"loc":{"start":{"line":100,"column":4},"end":{"line":100,"column":21}},"type":"default-arg","locations":[{"start":{"line":100,"column":17},"end":{"line":100,"column":21}}],"line":100},"27":{"loc":{"start":{"line":101,"column":4},"end":{"line":101,"column":27}},"type":"default-arg","locations":[{"start":{"line":101,"column":18},"end":{"line":101,"column":27}}],"line":101},"28":{"loc":{"start":{"line":106,"column":25},"end":{"line":106,"column":64}},"type":"binary-expr","locations":[{"start":{"line":106,"column":25},"end":{"line":106,"column":45}},{"start":{"line":106,"column":49},"end":{"line":106,"column":64}}],"line":106},"29":{"loc":{"start":{"line":110,"column":19},"end":{"line":110,"column":47}},"type":"binary-expr","locations":[{"start":{"line":110,"column":19},"end":{"line":110,"column":38}},{"start":{"line":110,"column":42},"end":{"line":110,"column":47}}],"line":110},"30":{"loc":{"start":{"line":111,"column":50},"end":{"line":111,"column":76}},"type":"binary-expr","locations":[{"start":{"line":111,"column":50},"end":{"line":111,"column":70}},{"start":{"line":111,"column":74},"end":{"line":111,"column":76}}],"line":111},"31":{"loc":{"start":{"line":115,"column":6},"end":{"line":116,"column":72}},"type":"binary-expr","locations":[{"start":{"line":115,"column":6},"end":{"line":115,"column":29}},{"start":{"line":116,"column":7},"end":{"line":116,"column":71}}],"line":115},"32":{"loc":{"start":{"line":116,"column":7},"end":{"line":116,"column":71}},"type":"cond-expr","locations":[{"start":{"line":116,"column":39},"end":{"line":116,"column":64}},{"start":{"line":116,"column":67},"end":{"line":116,"column":71}}],"line":116},"33":{"loc":{"start":{"line":117,"column":4},"end":{"line":119,"column":5}},"type":"if","locations":[{"start":{"line":117,"column":4},"end":{"line":119,"column":5}},{"start":{},"end":{}}],"line":117},"34":{"loc":{"start":{"line":121,"column":20},"end":{"line":121,"column":77}},"type":"binary-expr","locations":[{"start":{"line":121,"column":20},"end":{"line":121,"column":42}},{"start":{"line":121,"column":46},"end":{"line":121,"column":77}}],"line":121},"35":{"loc":{"start":{"line":122,"column":27},"end":{"line":122,"column":67}},"type":"binary-expr","locations":[{"start":{"line":122,"column":27},"end":{"line":122,"column":34}},{"start":{"line":122,"column":38},"end":{"line":122,"column":67}}],"line":122},"36":{"loc":{"start":{"line":123,"column":23},"end":{"line":123,"column":59}},"type":"binary-expr","locations":[{"start":{"line":123,"column":23},"end":{"line":123,"column":30}},{"start":{"line":123,"column":34},"end":{"line":123,"column":59}}],"line":123},"37":{"loc":{"start":{"line":126,"column":4},"end":{"line":128,"column":5}},"type":"if","locations":[{"start":{"line":126,"column":4},"end":{"line":128,"column":5}},{"start":{},"end":{}}],"line":126},"38":{"loc":{"start":{"line":126,"column":8},"end":{"line":126,"column":77}},"type":"binary-expr","locations":[{"start":{"line":126,"column":8},"end":{"line":126,"column":15}},{"start":{"line":126,"column":19},"end":{"line":126,"column":34}},{"start":{"line":126,"column":38},"end":{"line":126,"column":49}},{"start":{"line":126,"column":53},"end":{"line":126,"column":77}}],"line":126},"39":{"loc":{"start":{"line":132,"column":4},"end":{"line":142,"column":5}},"type":"if","locations":[{"start":{"line":132,"column":4},"end":{"line":142,"column":5}},{"start":{"line":134,"column":11},"end":{"line":142,"column":5}}],"line":132},"40":{"loc":{"start":{"line":132,"column":8},"end":{"line":132,"column":59}},"type":"binary-expr","locations":[{"start":{"line":132,"column":8},"end":{"line":132,"column":32}},{"start":{"line":132,"column":36},"end":{"line":132,"column":59}}],"line":132},"41":{"loc":{"start":{"line":134,"column":11},"end":{"line":142,"column":5}},"type":"if","locations":[{"start":{"line":134,"column":11},"end":{"line":142,"column":5}},{"start":{"line":136,"column":11},"end":{"line":142,"column":5}}],"line":134},"42":{"loc":{"start":{"line":134,"column":15},"end":{"line":134,"column":68}},"type":"binary-expr","locations":[{"start":{"line":134,"column":15},"end":{"line":134,"column":40}},{"start":{"line":134,"column":44},"end":{"line":134,"column":68}}],"line":134},"43":{"loc":{"start":{"line":136,"column":11},"end":{"line":142,"column":5}},"type":"if","locations":[{"start":{"line":136,"column":11},"end":{"line":142,"column":5}},{"start":{"line":138,"column":11},"end":{"line":142,"column":5}}],"line":136},"44":{"loc":{"start":{"line":136,"column":15},"end":{"line":136,"column":60}},"type":"binary-expr","locations":[{"start":{"line":136,"column":15},"end":{"line":136,"column":36}},{"start":{"line":136,"column":40},"end":{"line":136,"column":60}}],"line":136},"45":{"loc":{"start":{"line":138,"column":11},"end":{"line":142,"column":5}},"type":"if","locations":[{"start":{"line":138,"column":11},"end":{"line":142,"column":5}},{"start":{"line":140,"column":11},"end":{"line":142,"column":5}}],"line":138},"46":{"loc":{"start":{"line":138,"column":15},"end":{"line":138,"column":62}},"type":"binary-expr","locations":[{"start":{"line":138,"column":15},"end":{"line":138,"column":37}},{"start":{"line":138,"column":41},"end":{"line":138,"column":62}}],"line":138},"47":{"loc":{"start":{"line":150,"column":4},"end":{"line":150,"column":59}},"type":"if","locations":[{"start":{"line":150,"column":4},"end":{"line":150,"column":59}},{"start":{},"end":{}}],"line":150},"48":{"loc":{"start":{"line":159,"column":13},"end":{"line":159,"column":43}},"type":"cond-expr","locations":[{"start":{"line":159,"column":20},"end":{"line":159,"column":36}},{"start":{"line":159,"column":39},"end":{"line":159,"column":43}}],"line":159},"49":{"loc":{"start":{"line":164,"column":4},"end":{"line":171,"column":5}},"type":"if","locations":[{"start":{"line":164,"column":4},"end":{"line":171,"column":5}},{"start":{},"end":{}}],"line":164},"50":{"loc":{"start":{"line":165,"column":6},"end":{"line":169,"column":7}},"type":"if","locations":[{"start":{"line":165,"column":6},"end":{"line":169,"column":7}},{"start":{},"end":{}}],"line":165},"51":{"loc":{"start":{"line":165,"column":10},"end":{"line":165,"column":42}},"type":"binary-expr","locations":[{"start":{"line":165,"column":10},"end":{"line":165,"column":21}},{"start":{"line":165,"column":25},"end":{"line":165,"column":42}}],"line":165},"52":{"loc":{"start":{"line":170,"column":25},"end":{"line":170,"column":53}},"type":"binary-expr","locations":[{"start":{"line":170,"column":25},"end":{"line":170,"column":38}},{"start":{"line":170,"column":42},"end":{"line":170,"column":53}}],"line":170},"53":{"loc":{"start":{"line":177,"column":4},"end":{"line":180,"column":5}},"type":"if","locations":[{"start":{"line":177,"column":4},"end":{"line":180,"column":5}},{"start":{},"end":{}}],"line":177},"54":{"loc":{"start":{"line":177,"column":8},"end":{"line":177,"column":50}},"type":"binary-expr","locations":[{"start":{"line":177,"column":8},"end":{"line":177,"column":19}},{"start":{"line":177,"column":23},"end":{"line":177,"column":50}}],"line":177},"55":{"loc":{"start":{"line":182,"column":4},"end":{"line":184,"column":5}},"type":"if","locations":[{"start":{"line":182,"column":4},"end":{"line":184,"column":5}},{"start":{},"end":{}}],"line":182},"56":{"loc":{"start":{"line":189,"column":25},"end":{"line":189,"column":44}},"type":"default-arg","locations":[{"start":{"line":189,"column":42},"end":{"line":189,"column":44}}],"line":189},"57":{"loc":{"start":{"line":191,"column":4},"end":{"line":191,"column":83}},"type":"cond-expr","locations":[{"start":{"line":191,"column":41},"end":{"line":191,"column":66}},{"start":{"line":191,"column":69},"end":{"line":191,"column":83}}],"line":191},"58":{"loc":{"start":{"line":195,"column":32},"end":{"line":195,"column":51}},"type":"default-arg","locations":[{"start":{"line":195,"column":49},"end":{"line":195,"column":51}}],"line":195},"59":{"loc":{"start":{"line":197,"column":4},"end":{"line":197,"column":83}},"type":"cond-expr","locations":[{"start":{"line":197,"column":41},"end":{"line":197,"column":66}},{"start":{"line":197,"column":69},"end":{"line":197,"column":83}}],"line":197},"60":{"loc":{"start":{"line":202,"column":8},"end":{"line":202,"column":42}},"type":"cond-expr","locations":[{"start":{"line":202,"column":29},"end":{"line":202,"column":37}},{"start":{"line":202,"column":40},"end":{"line":202,"column":42}}],"line":202},"61":{"loc":{"start":{"line":206,"column":31},"end":{"line":206,"column":50}},"type":"default-arg","locations":[{"start":{"line":206,"column":48},"end":{"line":206,"column":50}}],"line":206},"62":{"loc":{"start":{"line":208,"column":4},"end":{"line":208,"column":83}},"type":"cond-expr","locations":[{"start":{"line":208,"column":41},"end":{"line":208,"column":66}},{"start":{"line":208,"column":69},"end":{"line":208,"column":83}}],"line":208},"63":{"loc":{"start":{"line":213,"column":8},"end":{"line":213,"column":42}},"type":"cond-expr","locations":[{"start":{"line":213,"column":29},"end":{"line":213,"column":37}},{"start":{"line":213,"column":40},"end":{"line":213,"column":42}}],"line":213},"64":{"loc":{"start":{"line":217,"column":33},"end":{"line":217,"column":52}},"type":"default-arg","locations":[{"start":{"line":217,"column":50},"end":{"line":217,"column":52}}],"line":217},"65":{"loc":{"start":{"line":219,"column":4},"end":{"line":219,"column":83}},"type":"cond-expr","locations":[{"start":{"line":219,"column":41},"end":{"line":219,"column":66}},{"start":{"line":219,"column":69},"end":{"line":219,"column":83}}],"line":219},"66":{"loc":{"start":{"line":224,"column":8},"end":{"line":224,"column":42}},"type":"cond-expr","locations":[{"start":{"line":224,"column":29},"end":{"line":224,"column":37}},{"start":{"line":224,"column":40},"end":{"line":224,"column":42}}],"line":224},"67":{"loc":{"start":{"line":228,"column":25},"end":{"line":228,"column":44}},"type":"default-arg","locations":[{"start":{"line":228,"column":42},"end":{"line":228,"column":44}}],"line":228},"68":{"loc":{"start":{"line":230,"column":4},"end":{"line":230,"column":83}},"type":"cond-expr","locations":[{"start":{"line":230,"column":41},"end":{"line":230,"column":66}},{"start":{"line":230,"column":69},"end":{"line":230,"column":83}}],"line":230},"69":{"loc":{"start":{"line":234,"column":45},"end":{"line":234,"column":64}},"type":"default-arg","locations":[{"start":{"line":234,"column":62},"end":{"line":234,"column":64}}],"line":234},"70":{"loc":{"start":{"line":236,"column":4},"end":{"line":236,"column":83}},"type":"cond-expr","locations":[{"start":{"line":236,"column":41},"end":{"line":236,"column":66}},{"start":{"line":236,"column":69},"end":{"line":236,"column":83}}],"line":236}},"s":{"0":5,"1":5,"2":5,"3":5,"4":5,"5":5,"6":5,"7":0,"8":5,"9":5,"10":0,"11":5,"12":5,"13":13,"14":5,"15":13,"16":5,"17":5,"18":12,"19":10,"20":32,"21":6,"22":26,"23":26,"24":26,"25":26,"26":0,"27":26,"28":32,"29":32,"30":4,"31":0,"32":4,"33":0,"34":4,"35":0,"36":4,"37":32,"38":32,"39":32,"40":32,"41":32,"42":32,"43":32,"44":32,"45":4,"46":32,"47":32,"48":32,"49":32,"50":32,"51":0,"52":32,"53":32,"54":32,"55":32,"56":8,"57":32,"58":17,"59":15,"60":0,"61":15,"62":0,"63":15,"64":0,"65":15,"66":32,"67":32,"68":0,"69":32,"70":20,"71":20,"72":20,"73":20,"74":0,"75":20,"76":4,"77":2,"78":2,"79":2,"80":2,"81":2,"82":16,"83":7,"84":7,"85":2,"86":2,"87":5,"88":2,"89":3,"90":6,"91":6,"92":3,"93":3,"94":3,"95":1,"96":1,"97":1,"98":0,"99":0,"100":0,"101":0,"102":0,"103":1,"104":1,"105":5},"f":{"0":5,"1":5,"2":13,"3":13,"4":12,"5":10,"6":32,"7":32,"8":4,"9":32,"10":32,"11":4,"12":2,"13":6,"14":3,"15":1,"16":0,"17":0,"18":1},"b":{"0":[0,5],"1":[5,5],"2":[5,0],"3":[5,5],"4":[5,5,5,5,5],"5":[5,5],"6":[13,13],"7":[13,13],"8":[12,10],"9":[0,10],"10":[6,26],"11":[0,26],"12":[0,26],"13":[26,25],"14":[0],"15":[7,25],"16":[0,4],"17":[4,4],"18":[0,4],"19":[4,4],"20":[0,4],"21":[0],"22":[32,0],"23":[32,26],"24":[8],"25":[26],"26":[29],"27":[32],"28":[32,28],"29":[32,15],"30":[32,31],"31":[32,32],"32":[32,0],"33":[0,32],"34":[32,9],"35":[32,9],"36":[32,9],"37":[8,24],"38":[32,9,8,8],"39":[17,15],"40":[32,32],"41":[0,15],"42":[15,0],"43":[0,15],"44":[15,0],"45":[0,15],"46":[15,15],"47":[0,32],"48":[20,0],"49":[4,16],"50":[2,2],"51":[4,2],"52":[2,0],"53":[2,5],"54":[7,2],"55":[2,3],"56":[3],"57":[3,3],"58":[1],"59":[2,1],"60":[3,0],"61":[0],"62":[1,0],"63":[1,0],"64":[0],"65":[0,0],"66":[0,0],"67":[0],"68":[0,0],"69":[0],"70":[0,1]},"_coverageSchema":"1a1c01bbd47fc00a2c39e90264f33305004495a9","hash":"4739ee617f8d22f973fef8fd79b2297663a18ba7"}
,"C:\\growpath-commercial\\frontend\\src\\api\\courses.js": {"path":"C:\\growpath-commercial\\frontend\\src\\api\\courses.js","statementMap":{"0":{"start":{"line":3,"column":2},"end":{"line":6,"column":5}},"1":{"start":{"line":12,"column":2},"end":{"line":12,"column":34}},"2":{"start":{"line":16,"column":2},"end":{"line":29,"column":5}},"3":{"start":{"line":20,"column":4},"end":{"line":27,"column":5}},"4":{"start":{"line":21,"column":6},"end":{"line":26,"column":8}},"5":{"start":{"line":28,"column":4},"end":{"line":28,"column":18}},"6":{"start":{"line":33,"column":2},"end":{"line":33,"column":40}},"7":{"start":{"line":37,"column":2},"end":{"line":40,"column":5}},"8":{"start":{"line":44,"column":2},"end":{"line":47,"column":5}},"9":{"start":{"line":51,"column":2},"end":{"line":53,"column":5}},"10":{"start":{"line":57,"column":2},"end":{"line":59,"column":5}},"11":{"start":{"line":63,"column":2},"end":{"line":66,"column":5}},"12":{"start":{"line":70,"column":2},"end":{"line":70,"column":34}},"13":{"start":{"line":74,"column":2},"end":{"line":76,"column":5}},"14":{"start":{"line":81,"column":2},"end":{"line":83,"column":5}},"15":{"start":{"line":87,"column":2},"end":{"line":87,"column":46}},"16":{"start":{"line":91,"column":2},"end":{"line":94,"column":5}},"17":{"start":{"line":98,"column":2},"end":{"line":101,"column":5}},"18":{"start":{"line":105,"column":2},"end":{"line":105,"column":47}},"19":{"start":{"line":109,"column":2},"end":{"line":111,"column":5}},"20":{"start":{"line":115,"column":2},"end":{"line":115,"column":52}},"21":{"start":{"line":119,"column":17},"end":{"line":119,"column":56}},"22":{"start":{"line":120,"column":2},"end":{"line":120,"column":51}},"23":{"start":{"line":124,"column":2},"end":{"line":124,"column":57}},"24":{"start":{"line":128,"column":2},"end":{"line":128,"column":40}},"25":{"start":{"line":132,"column":2},"end":{"line":132,"column":56}},"26":{"start":{"line":136,"column":2},"end":{"line":136,"column":53}},"27":{"start":{"line":140,"column":2},"end":{"line":140,"column":43}},"28":{"start":{"line":144,"column":2},"end":{"line":144,"column":55}},"29":{"start":{"line":148,"column":2},"end":{"line":148,"column":41}},"30":{"start":{"line":152,"column":2},"end":{"line":155,"column":5}},"31":{"start":{"line":159,"column":2},"end":{"line":162,"column":5}},"32":{"start":{"line":166,"column":2},"end":{"line":169,"column":5}},"33":{"start":{"line":174,"column":2},"end":{"line":176,"column":5}},"34":{"start":{"line":180,"column":2},"end":{"line":182,"column":5}},"35":{"start":{"line":186,"column":2},"end":{"line":189,"column":5}},"36":{"start":{"line":193,"column":16},"end":{"line":193,"column":49}},"37":{"start":{"line":194,"column":2},"end":{"line":194,"column":56}},"38":{"start":{"line":198,"column":37},"end":{"line":198,"column":52}}},"fnMap":{"0":{"name":"buyCourse","decl":{"start":{"line":2,"column":16},"end":{"line":2,"column":25}},"loc":{"start":{"line":2,"column":45},"end":{"line":7,"column":1}},"line":2},"1":{"name":"getMyCourses","decl":{"start":{"line":11,"column":16},"end":{"line":11,"column":28}},"loc":{"start":{"line":11,"column":31},"end":{"line":13,"column":1}},"line":11},"2":{"name":"createCourse","decl":{"start":{"line":15,"column":16},"end":{"line":15,"column":28}},"loc":{"start":{"line":15,"column":38},"end":{"line":30,"column":1}},"line":15},"3":{"name":"(anonymous_3)","decl":{"start":{"line":19,"column":10},"end":{"line":19,"column":11}},"loc":{"start":{"line":19,"column":22},"end":{"line":29,"column":3}},"line":19},"4":{"name":"getCourse","decl":{"start":{"line":32,"column":16},"end":{"line":32,"column":25}},"loc":{"start":{"line":32,"column":30},"end":{"line":34,"column":1}},"line":32},"5":{"name":"addLesson","decl":{"start":{"line":36,"column":16},"end":{"line":36,"column":25}},"loc":{"start":{"line":36,"column":45},"end":{"line":41,"column":1}},"line":36},"6":{"name":"updateLesson","decl":{"start":{"line":43,"column":16},"end":{"line":43,"column":28}},"loc":{"start":{"line":43,"column":48},"end":{"line":48,"column":1}},"line":43},"7":{"name":"deleteLesson","decl":{"start":{"line":50,"column":16},"end":{"line":50,"column":28}},"loc":{"start":{"line":50,"column":39},"end":{"line":54,"column":1}},"line":50},"8":{"name":"publishCourse","decl":{"start":{"line":56,"column":16},"end":{"line":56,"column":29}},"loc":{"start":{"line":56,"column":34},"end":{"line":60,"column":1}},"line":56},"9":{"name":"updateCourse","decl":{"start":{"line":62,"column":16},"end":{"line":62,"column":28}},"loc":{"start":{"line":62,"column":42},"end":{"line":67,"column":1}},"line":62},"10":{"name":"getPublishedCourses","decl":{"start":{"line":69,"column":16},"end":{"line":69,"column":35}},"loc":{"start":{"line":69,"column":38},"end":{"line":71,"column":1}},"line":69},"11":{"name":"enrollInCourse","decl":{"start":{"line":73,"column":16},"end":{"line":73,"column":30}},"loc":{"start":{"line":73,"column":41},"end":{"line":77,"column":1}},"line":73},"12":{"name":"buyCourseStripeCheckout","decl":{"start":{"line":80,"column":16},"end":{"line":80,"column":39}},"loc":{"start":{"line":80,"column":50},"end":{"line":84,"column":1}},"line":80},"13":{"name":"getEnrollmentStatus","decl":{"start":{"line":86,"column":16},"end":{"line":86,"column":35}},"loc":{"start":{"line":86,"column":46},"end":{"line":88,"column":1}},"line":86},"14":{"name":"completeLesson","decl":{"start":{"line":90,"column":16},"end":{"line":90,"column":30}},"loc":{"start":{"line":90,"column":51},"end":{"line":95,"column":1}},"line":90},"15":{"name":"addReview","decl":{"start":{"line":97,"column":16},"end":{"line":97,"column":25}},"loc":{"start":{"line":97,"column":50},"end":{"line":102,"column":1}},"line":97},"16":{"name":"getReviews","decl":{"start":{"line":104,"column":16},"end":{"line":104,"column":26}},"loc":{"start":{"line":104,"column":37},"end":{"line":106,"column":1}},"line":104},"17":{"name":"deleteReview","decl":{"start":{"line":108,"column":16},"end":{"line":108,"column":28}},"loc":{"start":{"line":108,"column":39},"end":{"line":112,"column":1}},"line":108},"18":{"name":"searchCourses","decl":{"start":{"line":114,"column":16},"end":{"line":114,"column":29}},"loc":{"start":{"line":114,"column":37},"end":{"line":116,"column":1}},"line":114},"19":{"name":"filterCourses","decl":{"start":{"line":118,"column":16},"end":{"line":118,"column":29}},"loc":{"start":{"line":118,"column":39},"end":{"line":121,"column":1}},"line":118},"20":{"name":"listCourses","decl":{"start":{"line":123,"column":16},"end":{"line":123,"column":27}},"loc":{"start":{"line":123,"column":38},"end":{"line":125,"column":1}},"line":123},"21":{"name":"getCategories","decl":{"start":{"line":127,"column":16},"end":{"line":127,"column":29}},"loc":{"start":{"line":127,"column":32},"end":{"line":129,"column":1}},"line":127},"22":{"name":"getCategoryCourses","decl":{"start":{"line":131,"column":16},"end":{"line":131,"column":34}},"loc":{"start":{"line":131,"column":45},"end":{"line":133,"column":1}},"line":131},"23":{"name":"getSubcategories","decl":{"start":{"line":135,"column":16},"end":{"line":135,"column":32}},"loc":{"start":{"line":135,"column":43},"end":{"line":137,"column":1}},"line":135},"24":{"name":"getTrendingTags","decl":{"start":{"line":139,"column":16},"end":{"line":139,"column":31}},"loc":{"start":{"line":139,"column":34},"end":{"line":141,"column":1}},"line":139},"25":{"name":"getRecommendedCourses","decl":{"start":{"line":143,"column":16},"end":{"line":143,"column":37}},"loc":{"start":{"line":143,"column":48},"end":{"line":145,"column":1}},"line":143},"26":{"name":"getRecommendedForYou","decl":{"start":{"line":147,"column":16},"end":{"line":147,"column":36}},"loc":{"start":{"line":147,"column":39},"end":{"line":149,"column":1}},"line":147},"27":{"name":"trackLessonView","decl":{"start":{"line":151,"column":16},"end":{"line":151,"column":31}},"loc":{"start":{"line":151,"column":42},"end":{"line":156,"column":1}},"line":151},"28":{"name":"sendWatchTime","decl":{"start":{"line":158,"column":16},"end":{"line":158,"column":29}},"loc":{"start":{"line":158,"column":49},"end":{"line":163,"column":1}},"line":158},"29":{"name":"trackDropoff","decl":{"start":{"line":165,"column":16},"end":{"line":165,"column":28}},"loc":{"start":{"line":165,"column":48},"end":{"line":170,"column":1}},"line":165},"30":{"name":"submitForReview","decl":{"start":{"line":173,"column":16},"end":{"line":173,"column":31}},"loc":{"start":{"line":173,"column":42},"end":{"line":177,"column":1}},"line":173},"31":{"name":"approveCourse","decl":{"start":{"line":179,"column":16},"end":{"line":179,"column":29}},"loc":{"start":{"line":179,"column":40},"end":{"line":183,"column":1}},"line":179},"32":{"name":"rejectCourse","decl":{"start":{"line":185,"column":16},"end":{"line":185,"column":28}},"loc":{"start":{"line":185,"column":47},"end":{"line":190,"column":1}},"line":185},"33":{"name":"getPendingCourses","decl":{"start":{"line":192,"column":16},"end":{"line":192,"column":33}},"loc":{"start":{"line":192,"column":42},"end":{"line":195,"column":1}},"line":192}},"branchMap":{"0":{"loc":{"start":{"line":5,"column":25},"end":{"line":5,"column":38}},"type":"binary-expr","locations":[{"start":{"line":5,"column":25},"end":{"line":5,"column":32}},{"start":{"line":5,"column":36},"end":{"line":5,"column":38}}],"line":5},"1":{"loc":{"start":{"line":20,"column":4},"end":{"line":27,"column":5}},"type":"if","locations":[{"start":{"line":20,"column":4},"end":{"line":27,"column":5}},{"start":{},"end":{}}],"line":20},"2":{"loc":{"start":{"line":20,"column":8},"end":{"line":20,"column":48}},"type":"binary-expr","locations":[{"start":{"line":20,"column":8},"end":{"line":20,"column":14}},{"start":{"line":20,"column":18},"end":{"line":20,"column":33}},{"start":{"line":20,"column":37},"end":{"line":20,"column":48}}],"line":20},"3":{"loc":{"start":{"line":22,"column":13},"end":{"line":22,"column":46}},"type":"binary-expr","locations":[{"start":{"line":22,"column":13},"end":{"line":22,"column":28}},{"start":{"line":22,"column":32},"end":{"line":22,"column":46}}],"line":22},"4":{"loc":{"start":{"line":23,"column":14},"end":{"line":23,"column":81}},"type":"binary-expr","locations":[{"start":{"line":23,"column":14},"end":{"line":23,"column":30}},{"start":{"line":23,"column":34},"end":{"line":23,"column":57}},{"start":{"line":23,"column":61},"end":{"line":23,"column":81}}],"line":23},"5":{"loc":{"start":{"line":24,"column":21},"end":{"line":24,"column":64}},"type":"binary-expr","locations":[{"start":{"line":24,"column":21},"end":{"line":24,"column":44}},{"start":{"line":24,"column":48},"end":{"line":24,"column":64}}],"line":24},"6":{"loc":{"start":{"line":65,"column":25},"end":{"line":65,"column":38}},"type":"binary-expr","locations":[{"start":{"line":65,"column":25},"end":{"line":65,"column":32}},{"start":{"line":65,"column":36},"end":{"line":65,"column":38}}],"line":65},"7":{"loc":{"start":{"line":123,"column":28},"end":{"line":123,"column":36}},"type":"default-arg","locations":[{"start":{"line":123,"column":35},"end":{"line":123,"column":36}}],"line":123},"8":{"loc":{"start":{"line":193,"column":16},"end":{"line":193,"column":49}},"type":"cond-expr","locations":[{"start":{"line":193,"column":25},"end":{"line":193,"column":44}},{"start":{"line":193,"column":47},"end":{"line":193,"column":49}}],"line":193}},"s":{"0":1,"1":0,"2":1,"3":1,"4":1,"5":1,"6":1,"7":0,"8":0,"9":0,"10":0,"11":0,"12":0,"13":2,"14":0,"15":0,"16":0,"17":0,"18":0,"19":0,"20":0,"21":0,"22":0,"23":1,"24":0,"25":0,"26":0,"27":0,"28":0,"29":0,"30":0,"31":0,"32":0,"33":0,"34":0,"35":0,"36":0,"37":0,"38":2},"f":{"0":1,"1":0,"2":1,"3":1,"4":1,"5":0,"6":0,"7":0,"8":0,"9":0,"10":0,"11":2,"12":0,"13":0,"14":0,"15":0,"16":0,"17":0,"18":0,"19":0,"20":1,"21":0,"22":0,"23":0,"24":0,"25":0,"26":0,"27":0,"28":0,"29":0,"30":0,"31":0,"32":0,"33":0},"b":{"0":[1,1],"1":[1,0],"2":[1,1,1],"3":[1,1],"4":[1,1,1],"5":[1,1],"6":[0,0],"7":[0],"8":[0,0]},"_coverageSchema":"1a1c01bbd47fc00a2c39e90264f33305004495a9","hash":"708c7ecdce89cfd6c7fdeaa03b1a5c7ed097ea06"}
,"C:\\growpath-commercial\\frontend\\src\\api\\creator.js": {"path":"C:\\growpath-commercial\\frontend\\src\\api\\creator.js","statementMap":{"0":{"start":{"line":2,"column":2},"end":{"line":4,"column":5}},"1":{"start":{"line":7,"column":2},"end":{"line":7,"column":64}},"2":{"start":{"line":16,"column":2},"end":{"line":16,"column":54}},"3":{"start":{"line":20,"column":2},"end":{"line":20,"column":41}},"4":{"start":{"line":24,"column":2},"end":{"line":24,"column":38}},"5":{"start":{"line":28,"column":2},"end":{"line":28,"column":44}},"6":{"start":{"line":32,"column":2},"end":{"line":32,"column":44}},"7":{"start":{"line":36,"column":2},"end":{"line":36,"column":59}},"8":{"start":{"line":40,"column":2},"end":{"line":40,"column":49}},"9":{"start":{"line":44,"column":2},"end":{"line":44,"column":37}}},"fnMap":{"0":{"name":"markPayoutPaid","decl":{"start":{"line":1,"column":16},"end":{"line":1,"column":30}},"loc":{"start":{"line":1,"column":41},"end":{"line":5,"column":1}},"line":1},"1":{"name":"requestPayout","decl":{"start":{"line":6,"column":16},"end":{"line":6,"column":29}},"loc":{"start":{"line":6,"column":32},"end":{"line":8,"column":1}},"line":6},"2":{"name":"getEarnings","decl":{"start":{"line":12,"column":16},"end":{"line":12,"column":27}},"loc":{"start":{"line":12,"column":30},"end":{"line":17,"column":1}},"line":12},"3":{"name":"getCreatorCourses","decl":{"start":{"line":19,"column":16},"end":{"line":19,"column":33}},"loc":{"start":{"line":19,"column":36},"end":{"line":21,"column":1}},"line":19},"4":{"name":"getEnrollmentTimeline","decl":{"start":{"line":23,"column":16},"end":{"line":23,"column":37}},"loc":{"start":{"line":23,"column":40},"end":{"line":25,"column":1}},"line":23},"5":{"name":"getPayoutSummary","decl":{"start":{"line":27,"column":16},"end":{"line":27,"column":32}},"loc":{"start":{"line":27,"column":35},"end":{"line":29,"column":1}},"line":27},"6":{"name":"getPayoutHistory","decl":{"start":{"line":31,"column":16},"end":{"line":31,"column":32}},"loc":{"start":{"line":31,"column":35},"end":{"line":33,"column":1}},"line":31},"7":{"name":"uploadSignature","decl":{"start":{"line":35,"column":22},"end":{"line":35,"column":37}},"loc":{"start":{"line":35,"column":48},"end":{"line":37,"column":1}},"line":35},"8":{"name":"getCourseAnalytics","decl":{"start":{"line":39,"column":16},"end":{"line":39,"column":34}},"loc":{"start":{"line":39,"column":45},"end":{"line":41,"column":1}},"line":39},"9":{"name":"getRevenueTimeline","decl":{"start":{"line":43,"column":16},"end":{"line":43,"column":34}},"loc":{"start":{"line":43,"column":37},"end":{"line":45,"column":1}},"line":43}},"branchMap":{},"s":{"0":0,"1":0,"2":0,"3":0,"4":0,"5":0,"6":0,"7":1,"8":0,"9":0},"f":{"0":0,"1":0,"2":0,"3":0,"4":0,"5":0,"6":0,"7":1,"8":0,"9":0},"b":{},"_coverageSchema":"1a1c01bbd47fc00a2c39e90264f33305004495a9","hash":"9e1a1ee1c539d0da75472e0b18f2e196b6936a74"}
,"C:\\growpath-commercial\\frontend\\src\\api\\diagnose.js": {"path":"C:\\growpath-commercial\\frontend\\src\\api\\diagnose.js","statementMap":{"0":{"start":{"line":5,"column":2},"end":{"line":8,"column":5}},"1":{"start":{"line":12,"column":2},"end":{"line":12,"column":38}},"2":{"start":{"line":16,"column":2},"end":{"line":16,"column":41}},"3":{"start":{"line":20,"column":15},"end":{"line":20,"column":29}},"4":{"start":{"line":21,"column":2},"end":{"line":21,"column":39}},"5":{"start":{"line":21,"column":12},"end":{"line":21,"column":39}},"6":{"start":{"line":22,"column":2},"end":{"line":22,"column":47}},"7":{"start":{"line":22,"column":15},"end":{"line":22,"column":47}},"8":{"start":{"line":24,"column":2},"end":{"line":24,"column":53}},"9":{"start":{"line":28,"column":15},"end":{"line":28,"column":29}},"10":{"start":{"line":29,"column":2},"end":{"line":29,"column":71}},"11":{"start":{"line":31,"column":2},"end":{"line":31,"column":53}}},"fnMap":{"0":{"name":"analyzeDiagnosis","decl":{"start":{"line":4,"column":16},"end":{"line":4,"column":32}},"loc":{"start":{"line":4,"column":42},"end":{"line":9,"column":1}},"line":4},"1":{"name":"getDiagnosisHistory","decl":{"start":{"line":11,"column":16},"end":{"line":11,"column":35}},"loc":{"start":{"line":11,"column":38},"end":{"line":13,"column":1}},"line":11},"2":{"name":"getDiagnosis","decl":{"start":{"line":15,"column":16},"end":{"line":15,"column":28}},"loc":{"start":{"line":15,"column":33},"end":{"line":17,"column":1}},"line":15},"3":{"name":"diagnosePhoto","decl":{"start":{"line":19,"column":16},"end":{"line":19,"column":29}},"loc":{"start":{"line":19,"column":45},"end":{"line":25,"column":1}},"line":19},"4":{"name":"diagnoseImage","decl":{"start":{"line":27,"column":16},"end":{"line":27,"column":29}},"loc":{"start":{"line":27,"column":35},"end":{"line":32,"column":1}},"line":27}},"branchMap":{"0":{"loc":{"start":{"line":21,"column":2},"end":{"line":21,"column":39}},"type":"if","locations":[{"start":{"line":21,"column":2},"end":{"line":21,"column":39}},{"start":{},"end":{}}],"line":21},"1":{"loc":{"start":{"line":22,"column":2},"end":{"line":22,"column":47}},"type":"if","locations":[{"start":{"line":22,"column":2},"end":{"line":22,"column":47}},{"start":{},"end":{}}],"line":22}},"s":{"0":2,"1":0,"2":0,"3":0,"4":0,"5":0,"6":0,"7":0,"8":0,"9":0,"10":0,"11":0},"f":{"0":2,"1":0,"2":0,"3":0,"4":0},"b":{"0":[0,0],"1":[0,0]},"_coverageSchema":"1a1c01bbd47fc00a2c39e90264f33305004495a9","hash":"6e943af0f9a1b3316c6e84b9a3bd9627977a1746"}
,"C:\\growpath-commercial\\frontend\\src\\api\\earnings.js": {"path":"C:\\growpath-commercial\\frontend\\src\\api\\earnings.js","statementMap":{"0":{"start":{"line":5,"column":2},"end":{"line":5,"column":34}},"1":{"start":{"line":9,"column":2},"end":{"line":9,"column":39}},"2":{"start":{"line":13,"column":2},"end":{"line":16,"column":5}},"3":{"start":{"line":20,"column":2},"end":{"line":20,"column":44}}},"fnMap":{"0":{"name":"getMyEarnings","decl":{"start":{"line":4,"column":16},"end":{"line":4,"column":29}},"loc":{"start":{"line":4,"column":32},"end":{"line":6,"column":1}},"line":4},"1":{"name":"getEarningsByCourse","decl":{"start":{"line":8,"column":16},"end":{"line":8,"column":35}},"loc":{"start":{"line":8,"column":38},"end":{"line":10,"column":1}},"line":8},"2":{"name":"requestPayout","decl":{"start":{"line":12,"column":16},"end":{"line":12,"column":29}},"loc":{"start":{"line":12,"column":55},"end":{"line":17,"column":1}},"line":12},"3":{"name":"getPlatformEarnings","decl":{"start":{"line":19,"column":16},"end":{"line":19,"column":35}},"loc":{"start":{"line":19,"column":38},"end":{"line":21,"column":1}},"line":19}},"branchMap":{"0":{"loc":{"start":{"line":12,"column":30},"end":{"line":12,"column":53}},"type":"default-arg","locations":[{"start":{"line":12,"column":45},"end":{"line":12,"column":53}}],"line":12}},"s":{"0":0,"1":0,"2":0,"3":0},"f":{"0":0,"1":0,"2":0,"3":0},"b":{"0":[0]},"_coverageSchema":"1a1c01bbd47fc00a2c39e90264f33305004495a9","hash":"11c1f7b802304840b2653877c046a44add04052c"}
,"C:\\growpath-commercial\\frontend\\src\\api\\environment.js": {"path":"C:\\growpath-commercial\\frontend\\src\\api\\environment.js","statementMap":{"0":{"start":{"line":5,"column":2},"end":{"line":5,"column":62}},"1":{"start":{"line":9,"column":2},"end":{"line":9,"column":79}}},"fnMap":{"0":{"name":"analyzeEnvironment","decl":{"start":{"line":4,"column":16},"end":{"line":4,"column":34}},"loc":{"start":{"line":4,"column":48},"end":{"line":6,"column":1}},"line":4},"1":{"name":"envToTasks","decl":{"start":{"line":8,"column":16},"end":{"line":8,"column":26}},"loc":{"start":{"line":8,"column":52},"end":{"line":10,"column":1}},"line":8}},"branchMap":{},"s":{"0":0,"1":0},"f":{"0":0,"1":0},"b":{},"_coverageSchema":"1a1c01bbd47fc00a2c39e90264f33305004495a9","hash":"730e9d4e0f2be7554e976cbd61a8ae307b920364"}
,"C:\\growpath-commercial\\frontend\\src\\api\\events.ts": {"path":"C:\\growpath-commercial\\frontend\\src\\api\\events.ts","statementMap":{"0":{"start":{"line":16,"column":2},"end":{"line":20,"column":3}},"1":{"start":{"line":17,"column":4},"end":{"line":17,"column":50}}},"fnMap":{"0":{"name":"logEvent","decl":{"start":{"line":15,"column":22},"end":{"line":15,"column":30}},"loc":{"start":{"line":15,"column":84},"end":{"line":21,"column":1}},"line":15}},"branchMap":{"0":{"loc":{"start":{"line":15,"column":52},"end":{"line":15,"column":82}},"type":"default-arg","locations":[{"start":{"line":15,"column":80},"end":{"line":15,"column":82}}],"line":15}},"s":{"0":0,"1":0},"f":{"0":0},"b":{"0":[0]},"_coverageSchema":"1a1c01bbd47fc00a2c39e90264f33305004495a9","hash":"77693e24c1c14fd626978f6b5ec0cbdd6987166c"}
,"C:\\growpath-commercial\\frontend\\src\\api\\forum.js": {"path":"C:\\growpath-commercial\\frontend\\src\\api\\forum.js","statementMap":{"0":{"start":{"line":5,"column":2},"end":{"line":5,"column":32}},"1":{"start":{"line":9,"column":2},"end":{"line":9,"column":38}},"2":{"start":{"line":13,"column":13},"end":{"line":13,"column":42}},"3":{"start":{"line":14,"column":2},"end":{"line":14,"column":69}},"4":{"start":{"line":14,"column":33},"end":{"line":14,"column":69}},"5":{"start":{"line":15,"column":2},"end":{"line":15,"column":65}},"6":{"start":{"line":15,"column":31},"end":{"line":15,"column":65}},"7":{"start":{"line":16,"column":2},"end":{"line":16,"column":23}},"8":{"start":{"line":20,"column":13},"end":{"line":20,"column":51}},"9":{"start":{"line":21,"column":2},"end":{"line":21,"column":50}},"10":{"start":{"line":25,"column":13},"end":{"line":25,"column":51}},"11":{"start":{"line":26,"column":2},"end":{"line":26,"column":52}},"12":{"start":{"line":30,"column":13},"end":{"line":30,"column":51}},"13":{"start":{"line":31,"column":2},"end":{"line":31,"column":53}},"14":{"start":{"line":35,"column":2},"end":{"line":38,"column":5}},"15":{"start":{"line":42,"column":15},"end":{"line":42,"column":29}},"16":{"start":{"line":43,"column":2},"end":{"line":43,"column":30}},"17":{"start":{"line":44,"column":2},"end":{"line":44,"column":28}},"18":{"start":{"line":45,"column":2},"end":{"line":45,"column":53}},"19":{"start":{"line":47,"column":2},"end":{"line":49,"column":3}},"20":{"start":{"line":48,"column":4},"end":{"line":48,"column":58}},"21":{"start":{"line":48,"column":29},"end":{"line":48,"column":56}},"22":{"start":{"line":51,"column":2},"end":{"line":54,"column":5}},"23":{"start":{"line":58,"column":2},"end":{"line":58,"column":56}},"24":{"start":{"line":62,"column":2},"end":{"line":62,"column":58}},"25":{"start":{"line":66,"column":2},"end":{"line":69,"column":5}},"26":{"start":{"line":73,"column":2},"end":{"line":73,"column":40}},"27":{"start":{"line":77,"column":2},"end":{"line":77,"column":75}},"28":{"start":{"line":81,"column":2},"end":{"line":81,"column":56}},"29":{"start":{"line":85,"column":2},"end":{"line":85,"column":58}},"30":{"start":{"line":89,"column":2},"end":{"line":92,"column":5}},"31":{"start":{"line":96,"column":2},"end":{"line":96,"column":62}},"32":{"start":{"line":100,"column":2},"end":{"line":103,"column":5}}},"fnMap":{"0":{"name":"listPosts","decl":{"start":{"line":4,"column":16},"end":{"line":4,"column":25}},"loc":{"start":{"line":4,"column":28},"end":{"line":6,"column":1}},"line":4},"1":{"name":"getPost","decl":{"start":{"line":8,"column":16},"end":{"line":8,"column":23}},"loc":{"start":{"line":8,"column":28},"end":{"line":10,"column":1}},"line":8},"2":{"name":"buildForumFeedQuery","decl":{"start":{"line":12,"column":9},"end":{"line":12,"column":28}},"loc":{"start":{"line":12,"column":62},"end":{"line":17,"column":1}},"line":12},"3":{"name":"getLatestPosts","decl":{"start":{"line":19,"column":16},"end":{"line":19,"column":30}},"loc":{"start":{"line":19,"column":64},"end":{"line":22,"column":1}},"line":19},"4":{"name":"getTrendingPosts","decl":{"start":{"line":24,"column":16},"end":{"line":24,"column":32}},"loc":{"start":{"line":24,"column":66},"end":{"line":27,"column":1}},"line":24},"5":{"name":"getFollowingPosts","decl":{"start":{"line":29,"column":16},"end":{"line":29,"column":33}},"loc":{"start":{"line":29,"column":67},"end":{"line":32,"column":1}},"line":29},"6":{"name":"createPost","decl":{"start":{"line":34,"column":16},"end":{"line":34,"column":26}},"loc":{"start":{"line":34,"column":36},"end":{"line":39,"column":1}},"line":34},"7":{"name":"createPostLegacy","decl":{"start":{"line":41,"column":16},"end":{"line":41,"column":32}},"loc":{"start":{"line":41,"column":71},"end":{"line":55,"column":1}},"line":41},"8":{"name":"(anonymous_8)","decl":{"start":{"line":48,"column":19},"end":{"line":48,"column":20}},"loc":{"start":{"line":48,"column":29},"end":{"line":48,"column":56}},"line":48},"9":{"name":"likePost","decl":{"start":{"line":57,"column":16},"end":{"line":57,"column":24}},"loc":{"start":{"line":57,"column":29},"end":{"line":59,"column":1}},"line":57},"10":{"name":"unlikePost","decl":{"start":{"line":61,"column":16},"end":{"line":61,"column":26}},"loc":{"start":{"line":61,"column":31},"end":{"line":63,"column":1}},"line":61},"11":{"name":"addComment","decl":{"start":{"line":65,"column":16},"end":{"line":65,"column":26}},"loc":{"start":{"line":65,"column":54},"end":{"line":70,"column":1}},"line":65},"12":{"name":"getComments","decl":{"start":{"line":72,"column":16},"end":{"line":72,"column":27}},"loc":{"start":{"line":72,"column":32},"end":{"line":74,"column":1}},"line":72},"13":{"name":"deleteComment","decl":{"start":{"line":76,"column":16},"end":{"line":76,"column":29}},"loc":{"start":{"line":76,"column":41},"end":{"line":78,"column":1}},"line":76},"14":{"name":"savePost","decl":{"start":{"line":80,"column":16},"end":{"line":80,"column":24}},"loc":{"start":{"line":80,"column":29},"end":{"line":82,"column":1}},"line":80},"15":{"name":"unsavePost","decl":{"start":{"line":84,"column":16},"end":{"line":84,"column":26}},"loc":{"start":{"line":84,"column":31},"end":{"line":86,"column":1}},"line":84},"16":{"name":"reportPost","decl":{"start":{"line":88,"column":16},"end":{"line":88,"column":26}},"loc":{"start":{"line":88,"column":62},"end":{"line":93,"column":1}},"line":88},"17":{"name":"savePostToGrowLog","decl":{"start":{"line":95,"column":16},"end":{"line":95,"column":33}},"loc":{"start":{"line":95,"column":38},"end":{"line":97,"column":1}},"line":95},"18":{"name":"commentOnPost","decl":{"start":{"line":99,"column":16},"end":{"line":99,"column":29}},"loc":{"start":{"line":99,"column":44},"end":{"line":104,"column":1}},"line":99}},"branchMap":{"0":{"loc":{"start":{"line":12,"column":29},"end":{"line":12,"column":37}},"type":"default-arg","locations":[{"start":{"line":12,"column":36},"end":{"line":12,"column":37}}],"line":12},"1":{"loc":{"start":{"line":12,"column":39},"end":{"line":12,"column":49}},"type":"default-arg","locations":[{"start":{"line":12,"column":47},"end":{"line":12,"column":49}}],"line":12},"2":{"loc":{"start":{"line":12,"column":51},"end":{"line":12,"column":60}},"type":"default-arg","locations":[{"start":{"line":12,"column":58},"end":{"line":12,"column":60}}],"line":12},"3":{"loc":{"start":{"line":14,"column":2},"end":{"line":14,"column":69}},"type":"if","locations":[{"start":{"line":14,"column":2},"end":{"line":14,"column":69}},{"start":{},"end":{}}],"line":14},"4":{"loc":{"start":{"line":14,"column":6},"end":{"line":14,"column":31}},"type":"binary-expr","locations":[{"start":{"line":14,"column":6},"end":{"line":14,"column":11}},{"start":{"line":14,"column":15},"end":{"line":14,"column":31}}],"line":14},"5":{"loc":{"start":{"line":15,"column":2},"end":{"line":15,"column":65}},"type":"if","locations":[{"start":{"line":15,"column":2},"end":{"line":15,"column":65}},{"start":{},"end":{}}],"line":15},"6":{"loc":{"start":{"line":15,"column":6},"end":{"line":15,"column":29}},"type":"binary-expr","locations":[{"start":{"line":15,"column":6},"end":{"line":15,"column":10}},{"start":{"line":15,"column":14},"end":{"line":15,"column":29}}],"line":15},"7":{"loc":{"start":{"line":19,"column":31},"end":{"line":19,"column":39}},"type":"default-arg","locations":[{"start":{"line":19,"column":38},"end":{"line":19,"column":39}}],"line":19},"8":{"loc":{"start":{"line":19,"column":41},"end":{"line":19,"column":51}},"type":"default-arg","locations":[{"start":{"line":19,"column":49},"end":{"line":19,"column":51}}],"line":19},"9":{"loc":{"start":{"line":19,"column":53},"end":{"line":19,"column":62}},"type":"default-arg","locations":[{"start":{"line":19,"column":60},"end":{"line":19,"column":62}}],"line":19},"10":{"loc":{"start":{"line":24,"column":33},"end":{"line":24,"column":41}},"type":"default-arg","locations":[{"start":{"line":24,"column":40},"end":{"line":24,"column":41}}],"line":24},"11":{"loc":{"start":{"line":24,"column":43},"end":{"line":24,"column":53}},"type":"default-arg","locations":[{"start":{"line":24,"column":51},"end":{"line":24,"column":53}}],"line":24},"12":{"loc":{"start":{"line":24,"column":55},"end":{"line":24,"column":64}},"type":"default-arg","locations":[{"start":{"line":24,"column":62},"end":{"line":24,"column":64}}],"line":24},"13":{"loc":{"start":{"line":29,"column":34},"end":{"line":29,"column":42}},"type":"default-arg","locations":[{"start":{"line":29,"column":41},"end":{"line":29,"column":42}}],"line":29},"14":{"loc":{"start":{"line":29,"column":44},"end":{"line":29,"column":54}},"type":"default-arg","locations":[{"start":{"line":29,"column":52},"end":{"line":29,"column":54}}],"line":29},"15":{"loc":{"start":{"line":29,"column":56},"end":{"line":29,"column":65}},"type":"default-arg","locations":[{"start":{"line":29,"column":63},"end":{"line":29,"column":65}}],"line":29},"16":{"loc":{"start":{"line":41,"column":54},"end":{"line":41,"column":69}},"type":"default-arg","locations":[{"start":{"line":41,"column":64},"end":{"line":41,"column":69}}],"line":41},"17":{"loc":{"start":{"line":45,"column":25},"end":{"line":45,"column":51}},"type":"cond-expr","locations":[{"start":{"line":45,"column":35},"end":{"line":45,"column":41}},{"start":{"line":45,"column":44},"end":{"line":45,"column":51}}],"line":45},"18":{"loc":{"start":{"line":47,"column":2},"end":{"line":49,"column":3}},"type":"if","locations":[{"start":{"line":47,"column":2},"end":{"line":49,"column":3}},{"start":{},"end":{}}],"line":47},"19":{"loc":{"start":{"line":65,"column":37},"end":{"line":65,"column":52}},"type":"default-arg","locations":[{"start":{"line":65,"column":48},"end":{"line":65,"column":52}}],"line":65},"20":{"loc":{"start":{"line":88,"column":31},"end":{"line":88,"column":60}},"type":"default-arg","locations":[{"start":{"line":88,"column":40},"end":{"line":88,"column":60}}],"line":88}},"s":{"0":0,"1":0,"2":0,"3":0,"4":0,"5":0,"6":0,"7":0,"8":0,"9":0,"10":0,"11":0,"12":0,"13":0,"14":2,"15":0,"16":0,"17":0,"18":0,"19":0,"20":0,"21":0,"22":0,"23":0,"24":0,"25":1,"26":0,"27":0,"28":0,"29":0,"30":0,"31":0,"32":0},"f":{"0":0,"1":0,"2":0,"3":0,"4":0,"5":0,"6":2,"7":0,"8":0,"9":0,"10":0,"11":1,"12":0,"13":0,"14":0,"15":0,"16":0,"17":0,"18":0},"b":{"0":[0],"1":[0],"2":[0],"3":[0,0],"4":[0,0],"5":[0,0],"6":[0,0],"7":[0],"8":[0],"9":[0],"10":[0],"11":[0],"12":[0],"13":[0],"14":[0],"15":[0],"16":[0],"17":[0,0],"18":[0,0],"19":[1],"20":[0]},"_coverageSchema":"1a1c01bbd47fc00a2c39e90264f33305004495a9","hash":"75a3cac7329b9b71c9668fc46bfe449ca9129fa3"}
,"C:\\growpath-commercial\\frontend\\src\\api\\growlog.js": {"path":"C:\\growpath-commercial\\frontend\\src\\api\\growlog.js","statementMap":{"0":{"start":{"line":5,"column":17},"end":{"line":5,"column":38}},"1":{"start":{"line":6,"column":2},"end":{"line":10,"column":5}},"2":{"start":{"line":7,"column":4},"end":{"line":9,"column":5}},"3":{"start":{"line":8,"column":6},"end":{"line":8,"column":32}},"4":{"start":{"line":11,"column":13},"end":{"line":11,"column":30}},"5":{"start":{"line":12,"column":2},"end":{"line":12,"column":37}},"6":{"start":{"line":16,"column":2},"end":{"line":16,"column":54}},"7":{"start":{"line":20,"column":2},"end":{"line":20,"column":40}},"8":{"start":{"line":24,"column":2},"end":{"line":27,"column":5}},"9":{"start":{"line":31,"column":2},"end":{"line":34,"column":5}},"10":{"start":{"line":38,"column":2},"end":{"line":38,"column":62}},"11":{"start":{"line":42,"column":2},"end":{"line":44,"column":5}},"12":{"start":{"line":48,"column":2},"end":{"line":48,"column":33}}},"fnMap":{"0":{"name":"withQuery","decl":{"start":{"line":4,"column":9},"end":{"line":4,"column":18}},"loc":{"start":{"line":4,"column":39},"end":{"line":13,"column":1}},"line":4},"1":{"name":"(anonymous_1)","decl":{"start":{"line":6,"column":34},"end":{"line":6,"column":35}},"loc":{"start":{"line":6,"column":52},"end":{"line":10,"column":3}},"line":6},"2":{"name":"getEntries","decl":{"start":{"line":15,"column":16},"end":{"line":15,"column":26}},"loc":{"start":{"line":15,"column":36},"end":{"line":17,"column":1}},"line":15},"3":{"name":"getEntry","decl":{"start":{"line":19,"column":16},"end":{"line":19,"column":24}},"loc":{"start":{"line":19,"column":29},"end":{"line":21,"column":1}},"line":19},"4":{"name":"createEntry","decl":{"start":{"line":23,"column":16},"end":{"line":23,"column":27}},"loc":{"start":{"line":23,"column":34},"end":{"line":28,"column":1}},"line":23},"5":{"name":"updateEntry","decl":{"start":{"line":30,"column":16},"end":{"line":30,"column":27}},"loc":{"start":{"line":30,"column":38},"end":{"line":35,"column":1}},"line":30},"6":{"name":"deleteEntry","decl":{"start":{"line":37,"column":16},"end":{"line":37,"column":27}},"loc":{"start":{"line":37,"column":32},"end":{"line":39,"column":1}},"line":37},"7":{"name":"autoTagEntry","decl":{"start":{"line":41,"column":16},"end":{"line":41,"column":28}},"loc":{"start":{"line":41,"column":33},"end":{"line":45,"column":1}},"line":41},"8":{"name":"getPlants","decl":{"start":{"line":47,"column":16},"end":{"line":47,"column":25}},"loc":{"start":{"line":47,"column":28},"end":{"line":49,"column":1}},"line":47}},"branchMap":{"0":{"loc":{"start":{"line":4,"column":25},"end":{"line":4,"column":37}},"type":"default-arg","locations":[{"start":{"line":4,"column":35},"end":{"line":4,"column":37}}],"line":4},"1":{"loc":{"start":{"line":7,"column":4},"end":{"line":9,"column":5}},"type":"if","locations":[{"start":{"line":7,"column":4},"end":{"line":9,"column":5}},{"start":{},"end":{}}],"line":7},"2":{"loc":{"start":{"line":7,"column":8},"end":{"line":7,"column":61}},"type":"binary-expr","locations":[{"start":{"line":7,"column":8},"end":{"line":7,"column":27}},{"start":{"line":7,"column":31},"end":{"line":7,"column":45}},{"start":{"line":7,"column":49},"end":{"line":7,"column":61}}],"line":7},"3":{"loc":{"start":{"line":12,"column":9},"end":{"line":12,"column":36}},"type":"cond-expr","locations":[{"start":{"line":12,"column":14},"end":{"line":12,"column":29}},{"start":{"line":12,"column":32},"end":{"line":12,"column":36}}],"line":12}},"s":{"0":0,"1":0,"2":0,"3":0,"4":0,"5":0,"6":0,"7":0,"8":0,"9":0,"10":0,"11":0,"12":0},"f":{"0":0,"1":0,"2":0,"3":0,"4":0,"5":0,"6":0,"7":0,"8":0},"b":{"0":[0],"1":[0,0],"2":[0,0,0],"3":[0,0]},"_coverageSchema":"1a1c01bbd47fc00a2c39e90264f33305004495a9","hash":"36881d8f0e257c3cfafc28311539b6a9643d3fa0"}
,"C:\\growpath-commercial\\frontend\\src\\api\\grows.js": {"path":"C:\\growpath-commercial\\frontend\\src\\api\\grows.js","statementMap":{"0":{"start":{"line":5,"column":17},"end":{"line":5,"column":38}},"1":{"start":{"line":6,"column":2},"end":{"line":10,"column":5}},"2":{"start":{"line":7,"column":4},"end":{"line":9,"column":5}},"3":{"start":{"line":8,"column":6},"end":{"line":8,"column":32}},"4":{"start":{"line":11,"column":13},"end":{"line":11,"column":30}},"5":{"start":{"line":12,"column":2},"end":{"line":12,"column":63}},"6":{"start":{"line":16,"column":15},"end":{"line":16,"column":34}},"7":{"start":{"line":17,"column":2},"end":{"line":17,"column":19}},"8":{"start":{"line":21,"column":2},"end":{"line":24,"column":5}},"9":{"start":{"line":28,"column":2},"end":{"line":31,"column":5}},"10":{"start":{"line":35,"column":15},"end":{"line":35,"column":29}},"11":{"start":{"line":36,"column":2},"end":{"line":36,"column":29}},"12":{"start":{"line":38,"column":2},"end":{"line":38,"column":63}},"13":{"start":{"line":42,"column":2},"end":{"line":45,"column":5}}},"fnMap":{"0":{"name":"buildQuery","decl":{"start":{"line":4,"column":9},"end":{"line":4,"column":19}},"loc":{"start":{"line":4,"column":34},"end":{"line":13,"column":1}},"line":4},"1":{"name":"(anonymous_1)","decl":{"start":{"line":6,"column":34},"end":{"line":6,"column":35}},"loc":{"start":{"line":6,"column":52},"end":{"line":10,"column":3}},"line":6},"2":{"name":"listGrows","decl":{"start":{"line":15,"column":16},"end":{"line":15,"column":25}},"loc":{"start":{"line":15,"column":40},"end":{"line":18,"column":1}},"line":15},"3":{"name":"createGrow","decl":{"start":{"line":20,"column":16},"end":{"line":20,"column":26}},"loc":{"start":{"line":20,"column":37},"end":{"line":25,"column":1}},"line":20},"4":{"name":"addEntry","decl":{"start":{"line":27,"column":16},"end":{"line":27,"column":24}},"loc":{"start":{"line":27,"column":44},"end":{"line":32,"column":1}},"line":27},"5":{"name":"uploadEntryPhoto","decl":{"start":{"line":34,"column":16},"end":{"line":34,"column":32}},"loc":{"start":{"line":34,"column":47},"end":{"line":39,"column":1}},"line":34},"6":{"name":"addPlantToGrow","decl":{"start":{"line":41,"column":16},"end":{"line":41,"column":30}},"loc":{"start":{"line":41,"column":46},"end":{"line":46,"column":1}},"line":41}},"branchMap":{"0":{"loc":{"start":{"line":4,"column":20},"end":{"line":4,"column":32}},"type":"default-arg","locations":[{"start":{"line":4,"column":30},"end":{"line":4,"column":32}}],"line":4},"1":{"loc":{"start":{"line":7,"column":4},"end":{"line":9,"column":5}},"type":"if","locations":[{"start":{"line":7,"column":4},"end":{"line":9,"column":5}},{"start":{},"end":{}}],"line":7},"2":{"loc":{"start":{"line":7,"column":8},"end":{"line":7,"column":61}},"type":"binary-expr","locations":[{"start":{"line":7,"column":8},"end":{"line":7,"column":27}},{"start":{"line":7,"column":31},"end":{"line":7,"column":45}},{"start":{"line":7,"column":49},"end":{"line":7,"column":61}}],"line":7},"3":{"loc":{"start":{"line":12,"column":9},"end":{"line":12,"column":62}},"type":"cond-expr","locations":[{"start":{"line":12,"column":14},"end":{"line":12,"column":42}},{"start":{"line":12,"column":45},"end":{"line":12,"column":62}}],"line":12},"4":{"loc":{"start":{"line":15,"column":26},"end":{"line":15,"column":38}},"type":"default-arg","locations":[{"start":{"line":15,"column":36},"end":{"line":15,"column":38}}],"line":15},"5":{"loc":{"start":{"line":27,"column":33},"end":{"line":27,"column":42}},"type":"default-arg","locations":[{"start":{"line":27,"column":40},"end":{"line":27,"column":42}}],"line":27}},"s":{"0":2,"1":2,"2":4,"3":4,"4":2,"5":2,"6":2,"7":2,"8":2,"9":2,"10":0,"11":0,"12":0,"13":0},"f":{"0":2,"1":4,"2":2,"3":2,"4":2,"5":0,"6":0},"b":{"0":[0],"1":[4,0],"2":[4,4,4],"3":[2,0],"4":[0],"5":[0]},"_coverageSchema":"1a1c01bbd47fc00a2c39e90264f33305004495a9","hash":"d4851d4ae74500fd98f4e5399dca6007d621058a"}
,"C:\\growpath-commercial\\frontend\\src\\api\\guilds.js": {"path":"C:\\growpath-commercial\\frontend\\src\\api\\guilds.js","statementMap":{"0":{"start":{"line":5,"column":2},"end":{"line":5,"column":33}},"1":{"start":{"line":9,"column":2},"end":{"line":9,"column":39}},"2":{"start":{"line":13,"column":2},"end":{"line":16,"column":5}},"3":{"start":{"line":20,"column":2},"end":{"line":20,"column":57}},"4":{"start":{"line":24,"column":2},"end":{"line":24,"column":58}},"5":{"start":{"line":28,"column":2},"end":{"line":28,"column":61}}},"fnMap":{"0":{"name":"listGuilds","decl":{"start":{"line":4,"column":16},"end":{"line":4,"column":26}},"loc":{"start":{"line":4,"column":29},"end":{"line":6,"column":1}},"line":4},"1":{"name":"getGuild","decl":{"start":{"line":8,"column":16},"end":{"line":8,"column":24}},"loc":{"start":{"line":8,"column":29},"end":{"line":10,"column":1}},"line":8},"2":{"name":"createGuild","decl":{"start":{"line":12,"column":16},"end":{"line":12,"column":27}},"loc":{"start":{"line":12,"column":34},"end":{"line":17,"column":1}},"line":12},"3":{"name":"joinGuild","decl":{"start":{"line":19,"column":16},"end":{"line":19,"column":25}},"loc":{"start":{"line":19,"column":30},"end":{"line":21,"column":1}},"line":19},"4":{"name":"leaveGuild","decl":{"start":{"line":23,"column":16},"end":{"line":23,"column":26}},"loc":{"start":{"line":23,"column":31},"end":{"line":25,"column":1}},"line":23},"5":{"name":"deleteGuild","decl":{"start":{"line":27,"column":16},"end":{"line":27,"column":27}},"loc":{"start":{"line":27,"column":32},"end":{"line":29,"column":1}},"line":27}},"branchMap":{},"s":{"0":1,"1":0,"2":0,"3":1,"4":0,"5":0},"f":{"0":1,"1":0,"2":0,"3":1,"4":0,"5":0},"b":{},"_coverageSchema":"1a1c01bbd47fc00a2c39e90264f33305004495a9","hash":"fe095bdc223db7cba478d4b4ce9b1d8c7e569f80"}
,"C:\\growpath-commercial\\frontend\\src\\api\\lives.js": {"path":"C:\\growpath-commercial\\frontend\\src\\api\\lives.js","statementMap":{"0":{"start":{"line":5,"column":2},"end":{"line":5,"column":32}},"1":{"start":{"line":9,"column":2},"end":{"line":9,"column":38}},"2":{"start":{"line":13,"column":2},"end":{"line":16,"column":5}},"3":{"start":{"line":20,"column":2},"end":{"line":23,"column":5}},"4":{"start":{"line":27,"column":2},"end":{"line":27,"column":60}}},"fnMap":{"0":{"name":"listLives","decl":{"start":{"line":4,"column":16},"end":{"line":4,"column":25}},"loc":{"start":{"line":4,"column":28},"end":{"line":6,"column":1}},"line":4},"1":{"name":"getLive","decl":{"start":{"line":8,"column":16},"end":{"line":8,"column":23}},"loc":{"start":{"line":8,"column":28},"end":{"line":10,"column":1}},"line":8},"2":{"name":"createLive","decl":{"start":{"line":12,"column":16},"end":{"line":12,"column":26}},"loc":{"start":{"line":12,"column":33},"end":{"line":17,"column":1}},"line":12},"3":{"name":"updateLive","decl":{"start":{"line":19,"column":16},"end":{"line":19,"column":26}},"loc":{"start":{"line":19,"column":37},"end":{"line":24,"column":1}},"line":19},"4":{"name":"deleteLive","decl":{"start":{"line":26,"column":16},"end":{"line":26,"column":26}},"loc":{"start":{"line":26,"column":31},"end":{"line":28,"column":1}},"line":26}},"branchMap":{},"s":{"0":0,"1":0,"2":0,"3":0,"4":0},"f":{"0":0,"1":0,"2":0,"3":0,"4":0},"b":{},"_coverageSchema":"1a1c01bbd47fc00a2c39e90264f33305004495a9","hash":"174237a93d7297c8d8256e842a91cb80f20b6e65"}
,"C:\\growpath-commercial\\frontend\\src\\api\\me.ts": {"path":"C:\\growpath-commercial\\frontend\\src\\api\\me.ts","statementMap":{"0":{"start":{"line":6,"column":2},"end":{"line":6,"column":33}}},"fnMap":{"0":{"name":"apiMe","decl":{"start":{"line":5,"column":22},"end":{"line":5,"column":27}},"loc":{"start":{"line":5,"column":59},"end":{"line":7,"column":1}},"line":5}},"branchMap":{},"s":{"0":0},"f":{"0":0},"b":{},"_coverageSchema":"1a1c01bbd47fc00a2c39e90264f33305004495a9","hash":"c324c722132ebb09dc7667e5b4b606720d6c5e0f"}
[...]
":{"line":10,"column":46}},"type":"if","locations":[{"start":{"line":10,"column":2},"end":{"line":10,"column":46}},{"start":{},"end":{}}],"line":10},"5":{"loc":{"start":{"line":11,"column":2},"end":{"line":11,"column":54}},"type":"if","locations":[{"start":{"line":11,"column":2},"end":{"line":11,"column":54}},{"start":{},"end":{}}],"line":11},"6":{"loc":{"start":{"line":12,"column":2},"end":{"line":18,"column":3}},"type":"if","locations":[{"start":{"line":12,"column":2},"end":{"line":18,"column":3}},{"start":{},"end":{}}],"line":12},"7":{"loc":{"start":{"line":13,"column":4},"end":{"line":13,"column":36}},"type":"if","locations":[{"start":{"line":13,"column":4},"end":{"line":13,"column":36}},{"start":{},"end":{}}],"line":13},"8":{"loc":{"start":{"line":14,"column":4},"end":{"line":14,"column":34}},"type":"if","locations":[{"start":{"line":14,"column":4},"end":{"line":14,"column":34}},{"start":{},"end":{}}],"line":14},"9":{"loc":{"start":{"line":15,"column":4},"end":{"line":17,"column":5}},"type":"if","locations":[{"start":{"line":15,"column":4},"end":{"line":17,"column":5}},{"start":{},"end":{}}],"line":15},"10":{"loc":{"start":{"line":23,"column":2},"end":{"line":23,"column":67}},"type":"if","locations":[{"start":{"line":23,"column":2},"end":{"line":23,"column":67}},{"start":{},"end":{}}],"line":23},"11":{"loc":{"start":{"line":23,"column":6},"end":{"line":23,"column":52}},"type":"binary-expr","locations":[{"start":{"line":23,"column":6},"end":{"line":23,"column":13}},{"start":{"line":23,"column":17},"end":{"line":23,"column":22}},{"start":{"line":23,"column":26},"end":{"line":23,"column":52}}],"line":23},"12":{"loc":{"start":{"line":28,"column":2},"end":{"line":28,"column":25}},"type":"if","locations":[{"start":{"line":28,"column":2},"end":{"line":28,"column":25}},{"start":{},"end":{}}],"line":28},"13":{"loc":{"start":{"line":29,"column":26},"end":{"line":33,"column":8}},"type":"cond-expr","locations":[{"start":{"line":30,"column":6},"end":{"line":32,"column":36}},{"start":{"line":33,"column":6},"end":{"line":33,"column":8}}],"line":29},"14":{"loc":{"start":{"line":36,"column":2},"end":{"line":40,"column":3}},"type":"if","locations":[{"start":{"line":36,"column":2},"end":{"line":40,"column":3}},{"start":{"line":38,"column":9},"end":{"line":40,"column":3}}],"line":36},"15":{"loc":{"start":{"line":36,"column":6},"end":{"line":36,"column":63}},"type":"binary-expr","locations":[{"start":{"line":36,"column":6},"end":{"line":36,"column":16}},{"start":{"line":36,"column":20},"end":{"line":36,"column":26}},{"start":{"line":36,"column":30},"end":{"line":36,"column":63}}],"line":36},"16":{"loc":{"start":{"line":38,"column":9},"end":{"line":40,"column":3}},"type":"if","locations":[{"start":{"line":38,"column":9},"end":{"line":40,"column":3}},{"start":{},"end":{}}],"line":38},"17":{"loc":{"start":{"line":38,"column":13},"end":{"line":38,"column":34}},"type":"binary-expr","locations":[{"start":{"line":38,"column":13},"end":{"line":38,"column":24}},{"start":{"line":38,"column":28},"end":{"line":38,"column":34}}],"line":38},"18":{"loc":{"start":{"line":42,"column":23},"end":{"line":42,"column":78}},"type":"cond-expr","locations":[{"start":{"line":42,"column":60},"end":{"line":42,"column":74}},{"start":{"line":42,"column":77},"end":{"line":42,"column":78}}],"line":42},"19":{"loc":{"start":{"line":43,"column":24},"end":{"line":43,"column":85}},"type":"cond-expr","locations":[{"start":{"line":43,"column":37},"end":{"line":43,"column":53}},{"start":{"line":43,"column":56},"end":{"line":43,"column":85}}],"line":43},"20":{"loc":{"start":{"line":44,"column":20},"end":{"line":44,"column":77}},"type":"cond-expr","locations":[{"start":{"line":44,"column":52},"end":{"line":44,"column":61}},{"start":{"line":44,"column":64},"end":{"line":44,"column":77}}],"line":44}},"s":{"0":4,"1":1,"2":3,"3":1,"4":2,"5":1,"6":1,"7":10,"8":0,"9":10,"10":7,"11":3,"12":0,"13":3,"14":3,"15":2,"16":1,"17":0,"18":1,"19":1,"20":0,"21":2,"22":0,"23":2,"24":5,"25":2,"26":0,"27":2,"28":5,"29":5,"30":2,"31":2,"32":1,"33":1,"34":1,"35":3,"36":2,"37":2,"38":2,"39":2},"f":{"0":4,"1":10,"2":2,"3":5,"4":2,"5":5,"6":5,"7":3},"b":{"0":[1,3],"1":[1,2],"2":[1,1],"3":[0,10],"4":[7,3],"5":[0,3],"6":[3,0],"7":[2,1],"8":[0,1],"9":[1,0],"10":[0,2],"11":[2,2,2],"12":[0,2],"13":[2,0],"14":[1,1],"15":[2,1,1],"16":[1,0],"17":[1,1],"18":[2,0],"19":[1,1],"20":[1,1]},"_coverageSchema":"1a1c01bbd47fc00a2c39e90264f33305004495a9","hash":"bbcd3532f1e36d8dc5157f1b0d4bdf7c7c6b187c"}
,"C:\\growpath-commercial\\frontend\\src\\utils\\proHelper.js": {"path":"C:\\growpath-commercial\\frontend\\src\\utils\\proHelper.js","statementMap":{"0":{"start":{"line":4,"column":26},"end":{"line":10,"column":1}},"1":{"start":{"line":5,"column":2},"end":{"line":8,"column":3}},"2":{"start":{"line":6,"column":4},"end":{"line":6,"column":35}},"3":{"start":{"line":7,"column":4},"end":{"line":7,"column":11}},"4":{"start":{"line":9,"column":2},"end":{"line":9,"column":11}},"5":{"start":{"line":14,"column":29},"end":{"line":23,"column":1}},"6":{"start":{"line":16,"column":4},"end":{"line":16,"column":77}},"7":{"start":{"line":18,"column":2},"end":{"line":18,"column":34}},"8":{"start":{"line":18,"column":22},"end":{"line":18,"column":34}},"9":{"start":{"line":20,"column":14},"end":{"line":20,"column":68}},"10":{"start":{"line":22,"column":2},"end":{"line":22,"column":48}},"11":{"start":{"line":26,"column":30},"end":{"line":32,"column":1}},"12":{"start":{"line":27,"column":2},"end":{"line":30,"column":3}},"13":{"start":{"line":28,"column":4},"end":{"line":28,"column":35}},"14":{"start":{"line":29,"column":4},"end":{"line":29,"column":16}},"15":{"start":{"line":31,"column":2},"end":{"line":31,"column":15}},"16":{"start":{"line":35,"column":0},"end":{"line":37,"column":1}},"17":{"start":{"line":36,"column":2},"end":{"line":36,"column":65}}},"fnMap":{"0":{"name":"(anonymous_0)","decl":{"start":{"line":4,"column":26},"end":{"line":4,"column":27}},"loc":{"start":{"line":4,"column":57},"end":{"line":10,"column":1}},"line":4},"1":{"name":"(anonymous_1)","decl":{"start":{"line":14,"column":29},"end":{"line":14,"column":30}},"loc":{"start":{"line":14,"column":40},"end":{"line":23,"column":1}},"line":14},"2":{"name":"(anonymous_2)","decl":{"start":{"line":26,"column":30},"end":{"line":26,"column":31}},"loc":{"start":{"line":26,"column":53},"end":{"line":32,"column":1}},"line":26}},"branchMap":{"0":{"loc":{"start":{"line":5,"column":2},"end":{"line":8,"column":3}},"type":"if","locations":[{"start":{"line":5,"column":2},"end":{"line":8,"column":3}},{"start":{},"end":{}}],"line":5},"1":{"loc":{"start":{"line":16,"column":4},"end":{"line":16,"column":77}},"type":"binary-expr","locations":[{"start":{"line":16,"column":4},"end":{"line":16,"column":17}},{"start":{"line":16,"column":21},"end":{"line":16,"column":44}},{"start":{"line":16,"column":48},"end":{"line":16,"column":77}}],"line":16},"2":{"loc":{"start":{"line":18,"column":2},"end":{"line":18,"column":34}},"type":"if","locations":[{"start":{"line":18,"column":2},"end":{"line":18,"column":34}},{"start":{},"end":{}}],"line":18},"3":{"loc":{"start":{"line":20,"column":14},"end":{"line":20,"column":68}},"type":"binary-expr","locations":[{"start":{"line":20,"column":14},"end":{"line":20,"column":28}},{"start":{"line":20,"column":32},"end":{"line":20,"column":62}},{"start":{"line":20,"column":66},"end":{"line":20,"column":68}}],"line":20},"4":{"loc":{"start":{"line":27,"column":2},"end":{"line":30,"column":3}},"type":"if","locations":[{"start":{"line":27,"column":2},"end":{"line":30,"column":3}},{"start":{},"end":{}}],"line":27},"5":{"loc":{"start":{"line":35,"column":0},"end":{"line":37,"column":1}},"type":"if","locations":[{"start":{"line":35,"column":0},"end":{"line":37,"column":1}},{"start":{},"end":{}}],"line":35}},"s":{"0":1,"1":2,"2":1,"3":1,"4":1,"5":1,"6":5,"7":5,"8":3,"9":2,"10":2,"11":1,"12":2,"13":1,"14":1,"15":1,"16":1,"17":1},"f":{"0":2,"1":5,"2":2},"b":{"0":[1,1],"1":[5,2,1],"2":[3,2],"3":[2,0,0],"4":[1,1],"5":[1,0]},"_coverageSchema":"1a1c01bbd47fc00a2c39e90264f33305004495a9","hash":"209f983ec9f3e6354119f090358cb1f230d096e0"}
,"C:\\growpath-commercial\\frontend\\tests\\contract_utils.js": {"path":"C:\\growpath-commercial\\frontend\\tests\\contract_utils.js","statementMap":{"0":{"start":{"line":1,"column":13},"end":{"line":1,"column":28}},"1":{"start":{"line":2,"column":12},"end":{"line":2,"column":26}},"2":{"start":{"line":3,"column":19},"end":{"line":3,"column":41}},"3":{"start":{"line":4,"column":22},"end":{"line":4,"column":60}},"4":{"start":{"line":5,"column":11},"end":{"line":5,"column":24}},"5":{"start":{"line":7,"column":19},"end":{"line":7,"column":29}},"6":{"start":{"line":8,"column":18},"end":{"line":8,"column":27}},"7":{"start":{"line":10,"column":12},"end":{"line":13,"column":2}},"8":{"start":{"line":14,"column":0},"end":{"line":14,"column":16}},"9":{"start":{"line":16,"column":23},"end":{"line":16,"column":27}},"10":{"start":{"line":19,"column":2},"end":{"line":19,"column":48}},"11":{"start":{"line":19,"column":24},"end":{"line":19,"column":48}},"12":{"start":{"line":21,"column":25},"end":{"line":21,"column":87}},"13":{"start":{"line":22,"column":20},"end":{"line":22,"column":59}},"14":{"start":{"line":24,"column":2},"end":{"line":26,"column":3}},"15":{"start":{"line":25,"column":4},"end":{"line":25,"column":16}},"16":{"start":{"line":28,"column":2},"end":{"line":34,"column":3}},"17":{"start":{"line":29,"column":4},"end":{"line":29,"column":66}},"18":{"start":{"line":30,"column":4},"end":{"line":30,"column":28}},"19":{"start":{"line":32,"column":4},"end":{"line":32,"column":74}},"20":{"start":{"line":33,"column":4},"end":{"line":33,"column":16}},"21":{"start":{"line":41,"column":15},"end":{"line":41,"column":30}},"22":{"start":{"line":42,"column":2},"end":{"line":42,"column":25}},"23":{"start":{"line":42,"column":13},"end":{"line":42,"column":25}},"24":{"start":{"line":44,"column":12},"end":{"line":44,"column":32}},"25":{"start":{"line":46,"column":16},"end":{"line":46,"column":23}},"26":{"start":{"line":47,"column":2},"end":{"line":52,"column":3}},"27":{"start":{"line":48,"column":4},"end":{"line":51,"column":7}},"28":{"start":{"line":49,"column":20},"end":{"line":49,"column":76}},"29":{"start":{"line":50,"column":6},"end":{"line":50,"column":33}},"30":{"start":{"line":54,"column":2},"end":{"line":57,"column":3}},"31":{"start":{"line":55,"column":4},"end":{"line":55,"column":66}},"32":{"start":{"line":56,"column":4},"end":{"line":56,"column":16}},"33":{"start":{"line":59,"column":20},"end":{"line":59,"column":42}},"34":{"start":{"line":60,"column":2},"end":{"line":63,"column":3}},"35":{"start":{"line":61,"column":4},"end":{"line":61,"column":69}},"36":{"start":{"line":62,"column":4},"end":{"line":62,"column":16}},"37":{"start":{"line":65,"column":23},"end":{"line":65,"column":84}},"38":{"start":{"line":66,"column":2},"end":{"line":68,"column":3}},"39":{"start":{"line":67,"column":4},"end":{"line":67,"column":16}},"40":{"start":{"line":70,"column":17},"end":{"line":70,"column":65}},"41":{"start":{"line":71,"column":2},"end":{"line":71,"column":27}},"42":{"start":{"line":71,"column":15},"end":{"line":71,"column":27}},"43":{"start":{"line":73,"column":19},"end":{"line":73,"column":38}},"44":{"start":{"line":74,"column":16},"end":{"line":74,"column":30}},"45":{"start":{"line":76,"column":2},"end":{"line":81,"column":3}},"46":{"start":{"line":77,"column":19},"end":{"line":77,"column":59}},"47":{"start":{"line":78,"column":4},"end":{"line":80,"column":6}},"48":{"start":{"line":83,"column":2},"end":{"line":83,"column":14}}},"fnMap":{"0":{"name":"getSpec","decl":{"start":{"line":18,"column":22},"end":{"line":18,"column":29}},"loc":{"start":{"line":18,"column":32},"end":{"line":35,"column":1}},"line":18},"1":{"name":"validateResponse","decl":{"start":{"line":40,"column":22},"end":{"line":40,"column":38}},"loc":{"start":{"line":40,"column":70},"end":{"line":84,"column":1}},"line":40},"2":{"name":"(anonymous_2)","decl":{"start":{"line":48,"column":43},"end":{"line":48,"column":44}},"loc":{"start":{"line":48,"column":50},"end":{"line":51,"column":5}},"line":48}},"branchMap":{"0":{"loc":{"start":{"line":19,"column":2},"end":{"line":19,"column":48}},"type":"if","locations":[{"start":{"line":19,"column":2},"end":{"line":19,"column":48}},{"start":{},"end":{}}],"line":19},"1":{"loc":{"start":{"line":24,"column":2},"end":{"line":26,"column":3}},"type":"if","locations":[{"start":{"line":24,"column":2},"end":{"line":26,"column":3}},{"start":{},"end":{}}],"line":24},"2":{"loc":{"start":{"line":42,"column":2},"end":{"line":42,"column":25}},"type":"if","locations":[{"start":{"line":42,"column":2},"end":{"line":42,"column":25}},{"start":{},"end":{}}],"line":42},"3":{"loc":{"start":{"line":47,"column":2},"end":{"line":52,"column":3}},"type":"if","locations":[{"start":{"line":47,"column":2},"end":{"line":52,"column":3}},{"start":{},"end":{}}],"line":47},"4":{"loc":{"start":{"line":54,"column":2},"end":{"line":57,"column":3}},"type":"if","locations":[{"start":{"line":54,"column":2},"end":{"line":57,"column":3}},{"start":{},"end":{}}],"line":54},"5":{"loc":{"start":{"line":54,"column":6},"end":{"line":54,"column":38}},"type":"binary-expr","locations":[{"start":{"line":54,"column":6},"end":{"line":54,"column":14}},{"start":{"line":54,"column":18},"end":{"line":54,"column":38}}],"line":54},"6":{"loc":{"start":{"line":60,"column":2},"end":{"line":63,"column":3}},"type":"if","locations":[{"start":{"line":60,"column":2},"end":{"line":63,"column":3}},{"start":{},"end":{}}],"line":60},"7":{"loc":{"start":{"line":65,"column":23},"end":{"line":65,"column":84}},"type":"binary-expr","locations":[{"start":{"line":65,"column":23},"end":{"line":65,"column":50}},{"start":{"line":65,"column":54},"end":{"line":65,"column":84}}],"line":65},"8":{"loc":{"start":{"line":66,"column":2},"end":{"line":68,"column":3}},"type":"if","locations":[{"start":{"line":66,"column":2},"end":{"line":68,"column":3}},{"start":{},"end":{}}],"line":66},"9":{"loc":{"start":{"line":66,"column":6},"end":{"line":66,"column":44}},"type":"binary-expr","locations":[{"start":{"line":66,"column":6},"end":{"line":66,"column":19}},{"start":{"line":66,"column":23},"end":{"line":66,"column":44}}],"line":66},"10":{"loc":{"start":{"line":71,"column":2},"end":{"line":71,"column":27}},"type":"if","locations":[{"start":{"line":71,"column":2},"end":{"line":71,"column":27}},{"start":{},"end":{}}],"line":71},"11":{"loc":{"start":{"line":76,"column":2},"end":{"line":81,"column":3}},"type":"if","locations":[{"start":{"line":76,"column":2},"end":{"line":81,"column":3}},{"start":{},"end":{}}],"line":76}},"s":{"0":1,"1":1,"2":1,"3":1,"4":1,"5":1,"6":1,"7":1,"8":1,"9":1,"10":0,"11":0,"12":0,"13":0,"14":0,"15":0,"16":0,"17":0,"18":0,"19":0,"20":0,"21":0,"22":0,"23":0,"24":0,"25":0,"26":0,"27":0,"28":0,"29":0,"30":0,"31":0,"32":0,"33":0,"34":0,"35":0,"36":0,"37":0,"38":0,"39":0,"40":0,"41":0,"42":0,"43":0,"44":0,"45":0,"46":0,"47":0,"48":0},"f":{"0":0,"1":0,"2":0},"b":{"0":[0,0],"1":[0,0],"2":[0,0],"3":[0,0],"4":[0,0],"5":[0,0],"6":[0,0],"7":[0,0],"8":[0,0],"9":[0,0],"10":[0,0],"11":[0,0]},"_coverageSchema":"1a1c01bbd47fc00a2c39e90264f33305004495a9","hash":"fd4ffd0391c72141751366f500299906383fddea"}
,"C:\\growpath-commercial\\frontend\\tests\\test_utils.js": {"path":"C:\\growpath-commercial\\frontend\\tests\\test_utils.js","statementMap":{"0":{"start":{"line":2,"column":24},"end":{"line":2,"column":36}},"1":{"start":{"line":3,"column":22},"end":{"line":3,"column":61}},"2":{"start":{"line":5,"column":21},"end":{"line":5,"column":23}},"3":{"start":{"line":7,"column":2},"end":{"line":31,"column":4}},"4":{"start":{"line":8,"column":4},"end":{"line":8,"column":38}},"5":{"start":{"line":10,"column":4},"end":{"line":19,"column":5}},"6":{"start":{"line":11,"column":6},"end":{"line":18,"column":7}},"7":{"start":{"line":12,"column":20},"end":{"line":12,"column":53}},"8":{"start":{"line":13,"column":8},"end":{"line":13,"column":19}},"9":{"start":{"line":15,"column":8},"end":{"line":17,"column":10}},"10":{"start":{"line":24,"column":16},"end":{"line":24,"column":49}},"11":{"start":{"line":25,"column":4},"end":{"line":30,"column":6}},"12":{"start":{"line":28,"column":24},"end":{"line":28,"column":66}},"13":{"start":{"line":29,"column":24},"end":{"line":29,"column":64}},"14":{"start":{"line":33,"column":2},"end":{"line":35,"column":5}},"15":{"start":{"line":34,"column":4},"end":{"line":34,"column":33}},"16":{"start":{"line":37,"column":2},"end":{"line":37,"column":20}}},"fnMap":{"0":{"name":"setupNetworkMock","decl":{"start":{"line":1,"column":16},"end":{"line":1,"column":32}},"loc":{"start":{"line":1,"column":48},"end":{"line":38,"column":1}},"line":1},"1":{"name":"(anonymous_1)","decl":{"start":{"line":7,"column":17},"end":{"line":7,"column":18}},"loc":{"start":{"line":7,"column":41},"end":{"line":31,"column":3}},"line":7},"2":{"name":"(anonymous_2)","decl":{"start":{"line":28,"column":12},"end":{"line":28,"column":13}},"loc":{"start":{"line":28,"column":24},"end":{"line":28,"column":66}},"line":28},"3":{"name":"(anonymous_3)","decl":{"start":{"line":29,"column":12},"end":{"line":29,"column":13}},"loc":{"start":{"line":29,"column":24},"end":{"line":29,"column":64}},"line":29},"4":{"name":"(anonymous_4)","decl":{"start":{"line":33,"column":11},"end":{"line":33,"column":12}},"loc":{"start":{"line":33,"column":17},"end":{"line":35,"column":3}},"line":33}},"branchMap":{"0":{"loc":{"start":{"line":10,"column":4},"end":{"line":19,"column":5}},"type":"if","locations":[{"start":{"line":10,"column":4},"end":{"line":19,"column":5}},{"start":{},"end":{}}],"line":10},"1":{"loc":{"start":{"line":10,"column":8},"end":{"line":10,"column":58}},"type":"binary-expr","locations":[{"start":{"line":10,"column":8},"end":{"line":10,"column":19}},{"start":{"line":10,"column":23},"end":{"line":10,"column":58}}],"line":10},"2":{"loc":{"start":{"line":16,"column":72},"end":{"line":16,"column":99}},"type":"binary-expr","locations":[{"start":{"line":16,"column":72},"end":{"line":16,"column":84}},{"start":{"line":16,"column":88},"end":{"line":16,"column":99}}],"line":16},"3":{"loc":{"start":{"line":26,"column":10},"end":{"line":26,"column":24}},"type":"binary-expr","locations":[{"start":{"line":26,"column":10},"end":{"line":26,"column":16}},{"start":{"line":26,"column":20},"end":{"line":26,"column":24}}],"line":26},"4":{"loc":{"start":{"line":27,"column":14},"end":{"line":27,"column":31}},"type":"binary-expr","locations":[{"start":{"line":27,"column":14},"end":{"line":27,"column":24}},{"start":{"line":27,"column":28},"end":{"line":27,"column":31}}],"line":27},"5":{"loc":{"start":{"line":28,"column":24},"end":{"line":28,"column":66}},"type":"binary-expr","locations":[{"start":{"line":28,"column":24},"end":{"line":28,"column":32}},{"start":{"line":28,"column":36},"end":{"line":28,"column":66}}],"line":28},"6":{"loc":{"start":{"line":28,"column":51},"end":{"line":28,"column":65}},"type":"binary-expr","locations":[{"start":{"line":28,"column":51},"end":{"line":28,"column":59}},{"start":{"line":28,"column":63},"end":{"line":28,"column":65}}],"line":28},"7":{"loc":{"start":{"line":29,"column":24},"end":{"line":29,"column":64}},"type":"binary-expr","locations":[{"start":{"line":29,"column":24},"end":{"line":29,"column":32}},{"start":{"line":29,"column":36},"end":{"line":29,"column":64}}],"line":29},"8":{"loc":{"start":{"line":29,"column":47},"end":{"line":29,"column":63}},"type":"binary-expr","locations":[{"start":{"line":29,"column":47},"end":{"line":29,"column":55}},{"start":{"line":29,"column":59},"end":{"line":29,"column":63}}],"line":29}},"s":{"0":0,"1":0,"2":0,"3":0,"4":0,"5":0,"6":0,"7":0,"8":0,"9":0,"10":0,"11":0,"12":0,"13":0,"14":0,"15":0,"16":0},"f":{"0":0,"1":0,"2":0,"3":0,"4":0},"b":{"0":[0,0],"1":[0,0],"2":[0,0],"3":[0,0],"4":[0,0],"5":[0,0],"6":[0,0],"7":[0,0],"8":[0,0]},"_coverageSchema":"1a1c01bbd47fc00a2c39e90264f33305004495a9","hash":"e3736ec5c62df999010a362091a2c08b4ccc9bec"}
}
