TN:
SF:src\api\auth.js
FN:5,login
FN:20,signup
FN:36,register
FN:51,becomeCreator
FN:66,savePushToken
FNF:5
FNH:2
FNDA:2,login
FNDA:0,signup
FNDA:0,register
FNDA:1,becomeCreator
FNDA:0,savePushToken
DA:6,2
DA:7,2
DA:11,2
DA:12,2
DA:13,2
DA:15,0
DA:21,0
DA:22,0
DA:23,0
DA:27,0
DA:28,0
DA:29,0
DA:31,0
DA:37,0
DA:38,0
DA:39,0
DA:43,0
DA:44,0
DA:46,0
DA:52,1
DA:53,1
DA:56,1
DA:57,0
DA:59,1
DA:61,0
DA:67,0
DA:68,0
DA:72,0
DA:74,0
LF:29
LH:9
BRDA:15,0,0,0
BRDA:15,0,1,0
BRDA:15,0,2,0
BRDA:31,1,0,0
BRDA:31,1,1,0
BRDA:31,1,2,0
BRDA:46,2,0,0
BRDA:46,2,1,0
BRDA:46,2,2,0
BRDA:56,3,0,0
BRDA:56,3,1,1
BRDA:57,4,0,0
BRDA:57,4,1,0
BRDA:61,5,0,0
BRDA:61,5,1,0
BRDA:61,5,2,0
BRDA:74,6,0,0
BRDA:74,6,1,0
BRDA:74,6,2,0
BRF:19
BRH:1
end_of_record
TN:
SF:src\api\certificates.js
FN:4,getMyCertificates
FN:8,downloadCertificate
FN:12,verifyCertificate
FNF:3
FNH:0
FNDA:0,getMyCertificates
FNDA:0,downloadCertificate
FNDA:0,verifyCertificate
DA:5,0
DA:9,0
DA:13,0
LF:3
LH:0
BRF:0
BRH:0
end_of_record
TN:
SF:src\api\client.js
FN:4,(anonymous_0)
FN:14,resolveApiUrl
FN:32,(anonymous_2)
FN:35,(anonymous_3)
FN:45,setAuthToken
FN:53,setTokenGetter
FN:61,pickToken
FN:73,getAuthHeaders
FN:81,serializeBody
FN:90,normalizeOptions
FN:95,api
FN:107,(anonymous_11)
FN:167,(anonymous_12)
FN:189,get
FN:195,post
FN:206,put
FN:217,patch
FN:228,del
FN:234,postMultipart
FNF:19
FNH:17
FNDA:5,(anonymous_0)
FNDA:5,resolveApiUrl
FNDA:13,(anonymous_2)
FNDA:13,(anonymous_3)
FNDA:12,setAuthToken
FNDA:10,setTokenGetter
FNDA:32,pickToken
FNDA:32,getAuthHeaders
FNDA:4,serializeBody
FNDA:32,normalizeOptions
FNDA:32,api
FNDA:4,(anonymous_11)
FNDA:2,(anonymous_12)
FNDA:6,get
FNDA:3,post
FNDA:1,put
FNDA:0,patch
FNDA:0,del
FNDA:1,postMultipart
DA:1,5
DA:5,5
DA:6,5
DA:7,5
DA:8,5
DA:12,5
DA:15,5
DA:16,0
DA:18,5
DA:19,5
DA:27,0
DA:30,5
DA:32,5
DA:33,13
DA:35,13
DA:39,5
DA:40,5
DA:46,12
DA:54,10
DA:62,32
DA:63,26
DA:64,26
DA:65,26
DA:69,26
DA:70,26
DA:74,32
DA:75,32
DA:82,4
DA:83,4
DA:84,4
DA:85,4
DA:91,32
DA:92,32
DA:96,32
DA:97,32
DA:103,32
DA:105,32
DA:106,32
DA:107,32
DA:109,32
DA:110,32
DA:111,32
DA:115,32
DA:117,32
DA:118,0
DA:121,32
DA:122,32
DA:123,32
DA:126,32
DA:127,8
DA:132,32
DA:133,17
DA:134,15
DA:135,0
DA:136,15
DA:137,0
DA:138,15
DA:139,0
DA:141,15
DA:144,32
DA:150,32
DA:152,32
DA:154,20
DA:156,20
DA:158,20
DA:159,20
DA:161,0
DA:164,20
DA:165,4
DA:166,2
DA:167,2
DA:168,2
DA:170,2
DA:173,16
DA:175,7
DA:177,7
DA:178,2
DA:179,2
DA:182,5
DA:183,2
DA:185,3
DA:191,6
DA:192,6
DA:197,3
DA:198,3
DA:199,3
DA:208,1
DA:209,1
DA:210,1
DA:219,0
DA:220,0
DA:221,0
DA:230,0
DA:231,0
DA:236,1
DA:237,1
DA:240,5
LF:97
LH:85
BRDA:15,0,0,0
BRDA:15,0,1,5
BRDA:15,1,0,5
BRDA:15,1,1,5
BRDA:18,2,0,5
BRDA:18,2,1,0
BRDA:18,3,0,5
BRDA:18,3,1,5
BRDA:20,4,0,5
BRDA:20,4,1,5
BRDA:20,4,2,5
BRDA:20,4,3,5
BRDA:20,4,4,5
BRDA:30,5,0,5
BRDA:30,5,1,5
BRDA:33,6,0,13
BRDA:33,6,1,13
BRDA:35,7,0,13
BRDA:35,7,1,13
BRDA:46,8,0,12
BRDA:46,8,1,10
BRDA:54,9,0,0
BRDA:54,9,1,10
BRDA:62,10,0,6
BRDA:62,10,1,26
BRDA:65,11,0,0
BRDA:65,11,1,26
BRDA:69,12,0,0
BRDA:69,12,1,26
BRDA:70,13,0,26
BRDA:70,13,1,25
BRDA:73,14,0,0
BRDA:77,15,0,7
BRDA:77,15,1,25
BRDA:82,16,0,0
BRDA:82,16,1,4
BRDA:82,17,0,4
BRDA:82,17,1,4
BRDA:83,18,0,0
BRDA:83,18,1,4
BRDA:83,19,0,4
BRDA:83,19,1,4
BRDA:84,20,0,0
BRDA:84,20,1,4
BRDA:90,21,0,0
BRDA:91,22,0,32
BRDA:91,22,1,0
BRDA:92,23,0,32
BRDA:92,23,1,26
BRDA:95,24,0,8
BRDA:99,25,0,26
BRDA:100,26,0,29
BRDA:101,27,0,32
BRDA:106,28,0,32
BRDA:106,28,1,28
BRDA:110,29,0,32
BRDA:110,29,1,15
BRDA:111,30,0,32
BRDA:111,30,1,31
BRDA:115,31,0,32
BRDA:115,31,1,32
BRDA:116,32,0,32
BRDA:116,32,1,0
BRDA:117,33,0,0
BRDA:117,33,1,32
BRDA:121,34,0,32
BRDA:121,34,1,9
BRDA:122,35,0,32
BRDA:122,35,1,9
BRDA:123,36,0,32
BRDA:123,36,1,9
BRDA:126,37,0,8
BRDA:126,37,1,24
BRDA:126,38,0,32
BRDA:126,38,1,9
BRDA:126,38,2,8
BRDA:126,38,3,8
BRDA:132,39,0,17
BRDA:132,39,1,15
BRDA:132,40,0,32
BRDA:132,40,1,32
BRDA:134,41,0,0
BRDA:134,41,1,15
BRDA:134,42,0,15
BRDA:134,42,1,0
BRDA:136,43,0,0
BRDA:136,43,1,15
BRDA:136,44,0,15
BRDA:136,44,1,0
BRDA:138,45,0,0
BRDA:138,45,1,15
BRDA:138,46,0,15
BRDA:138,46,1,15
BRDA:150,47,0,0
BRDA:150,47,1,32
BRDA:159,48,0,20
BRDA:159,48,1,0
BRDA:164,49,0,4
BRDA:164,49,1,16
BRDA:165,50,0,2
BRDA:165,50,1,2
BRDA:165,51,0,4
BRDA:165,51,1,2
BRDA:170,52,0,2
BRDA:170,52,1,0
BRDA:177,53,0,2
BRDA:177,53,1,5
BRDA:177,54,0,7
BRDA:177,54,1,2
BRDA:182,55,0,2
BRDA:182,55,1,3
BRDA:189,56,0,3
BRDA:191,57,0,3
BRDA:191,57,1,3
BRDA:195,58,0,1
BRDA:197,59,0,2
BRDA:197,59,1,1
BRDA:202,60,0,3
BRDA:202,60,1,0
BRDA:206,61,0,0
BRDA:208,62,0,1
BRDA:208,62,1,0
BRDA:213,63,0,1
BRDA:213,63,1,0
BRDA:217,64,0,0
BRDA:219,65,0,0
BRDA:219,65,1,0
BRDA:224,66,0,0
BRDA:224,66,1,0
BRDA:228,67,0,0
BRDA:230,68,0,0
BRDA:230,68,1,0
BRDA:234,69,0,0
BRDA:236,70,0,0
BRDA:236,70,1,1
BRF:135
BRH:100
end_of_record
TN:
SF:src\api\courses.js
FN:2,buyCourse
FN:11,getMyCourses
FN:15,createCourse
FN:19,(anonymous_3)
FN:32,getCourse
FN:36,addLesson
FN:43,updateLesson
FN:50,deleteLesson
FN:56,publishCourse
FN:62,updateCourse
FN:69,getPublishedCourses
FN:73,enrollInCourse
FN:80,buyCourseStripeCheckout
FN:86,getEnrollmentStatus
FN:90,completeLesson
FN:97,addReview
FN:104,getReviews
FN:108,deleteReview
FN:114,searchCourses
FN:118,filterCourses
FN:123,listCourses
FN:127,getCategories
FN:131,getCategoryCourses
FN:135,getSubcategories
FN:139,getTrendingTags
FN:143,getRecommendedCourses
FN:147,getRecommendedForYou
FN:151,trackLessonView
FN:158,sendWatchTime
FN:165,trackDropoff
FN:173,submitForReview
FN:179,approveCourse
FN:185,rejectCourse
FN:192,getPendingCourses
FNF:34
FNH:6
FNDA:1,buyCourse
FNDA:0,getMyCourses
FNDA:1,createCourse
FNDA:1,(anonymous_3)
FNDA:1,getCourse
FNDA:0,addLesson
FNDA:0,updateLesson
FNDA:0,deleteLesson
FNDA:0,publishCourse
FNDA:0,updateCourse
FNDA:0,getPublishedCourses
FNDA:2,enrollInCourse
FNDA:0,buyCourseStripeCheckout
FNDA:0,getEnrollmentStatus
FNDA:0,completeLesson
FNDA:0,addReview
FNDA:0,getReviews
FNDA:0,deleteReview
FNDA:0,searchCourses
FNDA:0,filterCourses
FNDA:1,listCourses
FNDA:0,getCategories
FNDA:0,getCategoryCourses
FNDA:0,getSubcategories
FNDA:0,getTrendingTags
FNDA:0,getRecommendedCourses
FNDA:0,getRecommendedForYou
FNDA:0,trackLessonView
FNDA:0,sendWatchTime
FNDA:0,trackDropoff
FNDA:0,submitForReview
FNDA:0,approveCourse
FNDA:0,rejectCourse
FNDA:0,getPendingCourses
DA:3,1
DA:12,0
DA:16,1
DA:20,1
DA:21,1
DA:28,1
DA:33,1
DA:37,0
DA:44,0
DA:51,0
DA:57,0
DA:63,0
DA:70,0
DA:74,2
DA:81,0
DA:87,0
DA:91,0
DA:98,0
DA:105,0
DA:109,0
DA:115,0
DA:119,0
DA:120,0
DA:124,1
DA:128,0
DA:132,0
DA:136,0
DA:140,0
DA:144,0
DA:148,0
DA:152,0
DA:159,0
DA:166,0
DA:174,0
DA:180,0
DA:186,0
DA:193,0
DA:194,0
DA:198,2
LF:39
LH:9
BRDA:5,0,0,1
BRDA:5,0,1,1
BRDA:20,1,0,1
BRDA:20,1,1,0
BRDA:20,2,0,1
BRDA:20,2,1,1
BRDA:20,2,2,1
BRDA:22,3,0,1
BRDA:22,3,1,1
BRDA:23,4,0,1
BRDA:23,4,1,1
BRDA:23,4,2,1
BRDA:24,5,0,1
BRDA:24,5,1,1
BRDA:65,6,0,0
BRDA:65,6,1,0
BRDA:123,7,0,0
BRDA:193,8,0,0
BRDA:193,8,1,0
BRF:19
BRH:13
end_of_record
TN:
SF:src\api\creator.js
FN:1,markPayoutPaid
FN:6,requestPayout
FN:12,getEarnings
FN:19,getCreatorCourses
FN:23,getEnrollmentTimeline
FN:27,getPayoutSummary
FN:31,getPayoutHistory
FN:35,uploadSignature
FN:39,getCourseAnalytics
FN:43,getRevenueTimeline
FNF:10
FNH:1
FNDA:0,markPayoutPaid
FNDA:0,requestPayout
FNDA:0,getEarnings
FNDA:0,getCreatorCourses
FNDA:0,getEnrollmentTimeline
FNDA:0,getPayoutSummary
FNDA:0,getPayoutHistory
FNDA:1,uploadSignature
FNDA:0,getCourseAnalytics
FNDA:0,getRevenueTimeline
DA:2,0
DA:7,0
DA:16,0
DA:20,0
DA:24,0
DA:28,0
DA:32,0
DA:36,1
DA:40,0
DA:44,0
LF:10
LH:1
BRF:0
BRH:0
end_of_record
TN:
SF:src\api\diagnose.js
FN:4,analyzeDiagnosis
FN:11,getDiagnosisHistory
FN:15,getDiagnosis
FN:19,diagnosePhoto
FN:27,diagnoseImage
FNF:5
FNH:1
FNDA:2,analyzeDiagnosis
FNDA:0,getDiagnosisHistory
FNDA:0,getDiagnosis
FNDA:0,diagnosePhoto
FNDA:0,diagnoseImage
DA:5,2
DA:12,0
DA:16,0
DA:20,0
DA:21,0
DA:22,0
DA:24,0
DA:28,0
DA:29,0
DA:31,0
LF:10
LH:1
BRDA:21,0,0,0
BRDA:21,0,1,0
BRDA:22,1,0,0
BRDA:22,1,1,0
BRF:4
BRH:0
end_of_record
TN:
SF:src\api\earnings.js
FN:4,getMyEarnings
FN:8,getEarningsByCourse
FN:12,requestPayout
FN:19,getPlatformEarnings
FNF:4
FNH:0
FNDA:0,getMyEarnings
FNDA:0,getEarningsByCourse
FNDA:0,requestPayout
FNDA:0,getPlatformEarnings
DA:5,0
DA:9,0
DA:13,0
DA:20,0
LF:4
LH:0
BRDA:12,0,0,0
BRF:1
BRH:0
end_of_record
TN:
SF:src\api\environment.js
FN:4,analyzeEnvironment
FN:8,envToTasks
FNF:2
FNH:0
FNDA:0,analyzeEnvironment
FNDA:0,envToTasks
DA:5,0
DA:9,0
LF:2
LH:0
BRF:0
BRH:0
end_of_record
TN:
SF:src\api\events.ts
FN:15,logEvent
FNF:1
FNH:0
FNDA:0,logEvent
DA:16,0
DA:17,0
LF:2
LH:0
BRDA:15,0,0,0
BRF:1
BRH:0
end_of_record
TN:
SF:src\api\forum.js
FN:4,listPosts
FN:8,getPost
FN:12,buildForumFeedQuery
FN:19,getLatestPosts
FN:24,getTrendingPosts
FN:29,getFollowingPosts
FN:34,createPost
FN:41,createPostLegacy
FN:48,(anonymous_8)
FN:57,likePost
FN:61,unlikePost
FN:65,addComment
FN:72,getComments
FN:76,deleteComment
FN:80,savePost
FN:84,unsavePost
FN:88,reportPost
FN:95,savePostToGrowLog
FN:99,commentOnPost
FNF:19
FNH:2
FNDA:0,listPosts
FNDA:0,getPost
FNDA:0,buildForumFeedQuery
FNDA:0,getLatestPosts
FNDA:0,getTrendingPosts
FNDA:0,getFollowingPosts
FNDA:2,createPost
FNDA:0,createPostLegacy
FNDA:0,(anonymous_8)
FNDA:0,likePost
FNDA:0,unlikePost
FNDA:1,addComment
FNDA:0,getComments
FNDA:0,deleteComment
FNDA:0,savePost
FNDA:0,unsavePost
FNDA:0,reportPost
FNDA:0,savePostToGrowLog
FNDA:0,commentOnPost
DA:5,0
DA:9,0
DA:13,0
DA:14,0
DA:15,0
DA:16,0
DA:20,0
DA:21,0
DA:25,0
DA:26,0
DA:30,0
DA:31,0
DA:35,2
DA:42,0
DA:43,0
DA:44,0
DA:45,0
DA:47,0
DA:48,0
DA:51,0
DA:58,0
DA:62,0
DA:66,1
DA:73,0
DA:77,0
DA:81,0
DA:85,0
DA:89,0
DA:96,0
DA:100,0
LF:30
LH:2
BRDA:12,0,0,0
BRDA:12,1,0,0
BRDA:12,2,0,0
BRDA:14,3,0,0
BRDA:14,3,1,0
BRDA:14,4,0,0
BRDA:14,4,1,0
BRDA:15,5,0,0
BRDA:15,5,1,0
BRDA:15,6,0,0
BRDA:15,6,1,0
BRDA:19,7,0,0
BRDA:19,8,0,0
BRDA:19,9,0,0
BRDA:24,10,0,0
BRDA:24,11,0,0
BRDA:24,12,0,0
BRDA:29,13,0,0
BRDA:29,14,0,0
BRDA:29,15,0,0
BRDA:41,16,0,0
BRDA:45,17,0,0
BRDA:45,17,1,0
BRDA:47,18,0,0
BRDA:47,18,1,0
BRDA:65,19,0,1
BRDA:88,20,0,0
BRF:27
BRH:1
end_of_record
TN:
SF:src\api\growlog.js
FN:4,withQuery
FN:6,(anonymous_1)
FN:15,getEntries
FN:19,getEntry
FN:23,createEntry
FN:30,updateEntry
FN:37,deleteEntry
FN:41,autoTagEntry
FN:47,getPlants
FNF:9
FNH:0
FNDA:0,withQuery
FNDA:0,(anonymous_1)
FNDA:0,getEntries
FNDA:0,getEntry
FNDA:0,createEntry
FNDA:0,updateEntry
FNDA:0,deleteEntry
FNDA:0,autoTagEntry
FNDA:0,getPlants
DA:5,0
DA:6,0
DA:7,0
DA:8,0
DA:11,0
DA:12,0
DA:16,0
DA:20,0
DA:24,0
DA:31,0
DA:38,0
DA:42,0
DA:48,0
LF:13
LH:0
BRDA:4,0,0,0
BRDA:7,1,0,0
BRDA:7,1,1,0
BRDA:7,2,0,0
BRDA:7,2,1,0
BRDA:7,2,2,0
BRDA:12,3,0,0
BRDA:12,3,1,0
BRF:8
BRH:0
end_of_record
TN:
SF:src\api\grows.js
FN:4,buildQuery
FN:6,(anonymous_1)
FN:15,listGrows
FN:20,createGrow
FN:27,addEntry
FN:34,uploadEntryPhoto
FN:41,addPlantToGrow
FNF:7
FNH:5
FNDA:2,buildQuery
FNDA:4,(anonymous_1)
FNDA:2,listGrows
FNDA:2,createGrow
FNDA:2,addEntry
FNDA:0,uploadEntryPhoto
FNDA:0,addPlantToGrow
DA:5,2
DA:6,2
DA:7,4
DA:8,4
DA:11,2
DA:12,2
DA:16,2
DA:17,2
DA:21,2
DA:28,2
DA:35,0
DA:36,0
DA:38,0
DA:42,0
LF:14
LH:10
BRDA:4,0,0,0
BRDA:7,1,0,4
BRDA:7,1,1,0
BRDA:7,2,0,4
BRDA:7,2,1,4
BRDA:7,2,2,4
BRDA:12,3,0,2
BRDA:12,3,1,0
BRDA:15,4,0,0
BRDA:27,5,0,0
BRF:10
BRH:5
end_of_record
TN:
SF:src\api\guilds.js
FN:4,listGuilds
FN:8,getGuild
FN:12,createGuild
FN:19,joinGuild
FN:23,leaveGuild
FN:27,deleteGuild
FNF:6
FNH:2
FNDA:1,listGuilds
FNDA:0,getGuild
FNDA:0,createGuild
FNDA:1,joinGuild
FNDA:0,leaveGuild
FNDA:0,deleteGuild
DA:5,1
DA:9,0
DA:13,0
DA:20,1
DA:24,0
DA:28,0
LF:6
LH:2
BRF:0
BRH:0
end_of_record
TN:
SF:src\api\lives.js
FN:4,listLives
FN:8,getLive
FN:12,createLive
FN:19,updateLive
FN:26,deleteLive
FNF:5
FNH:0
FNDA:0,listLives
FNDA:0,getLive
FNDA:0,createLive
FNDA:0,updateLive
FNDA:0,deleteLive
DA:5,0
DA:9,0
DA:13,0
DA:20,0
DA:27,0
LF:5
LH:0
BRF:0
BRH:0
end_of_record
TN:
SF:src\api\me.ts
FN:5,apiMe
FNF:1
FNH:0
FNDA:0,apiMe
DA:6,0
LF:1
LH:0
BRF:0
BRH:0
end_of_record
TN:
SF:src\api\plants.js
FN:10,createPlant
FN:14,getPlants
FN:18,getPlantWithLogs
FN:22,createPlantLog
FN:26,getPlantStats
FN:30,exportPlantPdf
FN:36,uploadPlantPhoto
FN:54,updatePlant
FNF:8
FNH:0
FNDA:0,createPlant
FNDA:0,getPlants
FNDA:0,getPlantWithLogs
FNDA:0,createPlantLog
FNDA:0,getPlantStats
FNDA:0,exportPlantPdf
FNDA:0,uploadPlantPhoto
FNDA:0,updatePlant
DA:5,1
DA:11,0
DA:15,0
DA:19,0
DA:23,0
DA:27,0
DA:31,0
DA:37,0
DA:39,0
DA:40,0
DA:41,0
DA:42,0
DA:44,0
DA:51,0
DA:55,0
LF:15
LH:1
BRDA:5,0,0,1
BRDA:5,0,1,1
BRDA:5,0,2,1
BRDA:5,0,3,1
BRDA:5,0,4,1
BRDA:39,1,0,0
BRDA:39,1,1,0
BRDA:42,2,0,0
BRDA:42,2,1,0
BRDA:46,3,0,0
BRDA:46,3,1,0
BRDA:47,4,0,0
BRDA:47,4,1,0
BRF:13
BRH:5
end_of_record
TN:
SF:src\api\posts.js
FN:4,getFeed
FN:26,getTrending
FN:30,createPost
FN:34,likePost
FN:38,unlikePost
FN:42,getComments
FN:46,addComment
FNF:7
FNH:1
FNDA:1,getFeed
FNDA:0,getTrending
FNDA:0,createPost
FNDA:0,likePost
FNDA:0,unlikePost
FNDA:0,getComments
FNDA:0,addComment
DA:5,1
DA:6,1
DA:9,1
DA:10,1
DA:11,0
DA:12,0
DA:15,1
DA:16,1
DA:17,0
DA:19,1
DA:20,0
DA:23,1
DA:27,0
DA:31,0
DA:35,0
DA:39,0
DA:43,0
DA:47,0
LF:18
LH:8
BRDA:4,0,0,0
BRDA:9,1,0,1
BRDA:9,1,1,0
BRDA:11,2,0,0
BRDA:11,2,1,0
BRDA:11,3,0,0
BRDA:11,3,1,0
BRDA:12,4,0,0
BRDA:12,5,0,0
BRDA:16,6,0,0
BRDA:16,6,1,1
BRDA:16,7,0,1
BRDA:16,7,1,1
BRDA:19,8,0,0
BRDA:19,8,1,1
BRDA:19,9,0,1
BRDA:19,9,1,1
BRF:17
BRH:7
end_of_record
TN:
SF:src\api\reports.js
FN:4,(anonymous_0)
FN:8,(anonymous_1)
FN:23,(anonymous_2)
FN:37,(anonymous_3)
FNF:4
FNH:0
FNDA:0,(anonymous_0)
FNDA:0,(anonymous_1)
FNDA:0,(anonymous_2)
FNDA:0,(anonymous_3)
DA:4,1
DA:5,0
DA:8,1
DA:16,0
DA:23,1
DA:30,0
DA:37,1
DA:43,0
LF:8
LH:4
BRDA:8,0,0,0
BRDA:13,1,0,0
BRDA:23,2,0,0
BRDA:25,3,0,0
BRDA:26,4,0,0
BRDA:27,5,0,0
BRDA:37,6,0,0
BRDA:38,7,0,0
BRDA:40,8,0,0
BRF:9
BRH:0
end_of_record
TN:
SF:src\api\routes.js
FN:14,(anonymous_0)
FN:15,(anonymous_1)
FN:16,(anonymous_2)
FN:21,(anonymous_3)
FN:22,(anonymous_4)
FN:23,(anonymous_5)
FN:29,(anonymous_6)
FN:30,(anonymous_7)
FN:31,(anonymous_8)
FN:32,(anonymous_9)
FN:35,(anonymous_10)
FN:39,(anonymous_11)
FN:40,(anonymous_12)
FN:41,(anonymous_13)
FN:42,(anonymous_14)
FN:43,(anonymous_15)
FN:50,(anonymous_16)
FN:56,(anonymous_17)
FN:57,(anonymous_18)
FN:58,(anonymous_19)
FN:59,(anonymous_20)
FN:60,(anonymous_21)
FN:61,(anonymous_22)
FN:62,(anonymous_23)
FN:63,(anonymous_24)
FN:64,(anonymous_25)
FN:70,(anonymous_26)
FN:71,(anonymous_27)
FN:72,(anonymous_28)
FN:73,(anonymous_29)
FN:79,(anonymous_30)
FN:80,(anonymous_31)
FN:81,(anonymous_32)
FN:82,(anonymous_33)
FN:83,(anonymous_34)
FN:84,(anonymous_35)
FN:85,(anonymous_36)
FN:86,(anonymous_37)
FN:87,(anonymous_38)
FN:88,(anonymous_39)
FN:92,(anonymous_40)
FN:93,(anonymous_41)
FN:95,(anonymous_42)
FN:97,(anonymous_43)
FN:98,(anonymous_44)
FN:99,(anonymous_45)
FN:100,(anonymous_46)
FN:101,(anonymous_47)
FN:102,(anonymous_48)
FN:104,(anonymous_49)
FN:105,(anonymous_50)
FN:107,(anonymous_51)
FN:109,(anonymous_52)
FN:119,(anonymous_53)
FN:120,(anonymous_54)
FN:126,(anonymous_55)
FN:131,(anonymous_56)
FN:136,(anonymous_57)
FN:138,(anonymous_58)
FN:147,(anonymous_59)
FN:152,(anonymous_60)
FN:162,(anonymous_61)
FN:168,(anonymous_62)
FN:170,(anonymous_63)
FN:171,(anonymous_64)
FN:172,(anonymous_65)
FN:176,(anonymous_66)
FN:178,(anonymous_67)
FN:179,(anonymous_68)
FN:199,(anonymous_69)
FNF:70
FNH:9
FNDA:2,(anonymous_0)
FNDA:0,(anonymous_1)
FNDA:0,(anonymous_2)
FNDA:3,(anonymous_3)
FNDA:0,(anonymous_4)
FNDA:0,(anonymous_5)
FNDA:0,(anonymous_6)
FNDA:0,(anonymous_7)
FNDA:0,(anonymous_8)
FNDA:0,(anonymous_9)
FNDA:0,(anonymous_10)
FNDA:3,(anonymous_11)
FNDA:0,(anonymous_12)
FNDA:7,(anonymous_13)
FNDA:0,(anonymous_14)
FNDA:0,(anonymous_15)
FNDA:0,(anonymous_16)
FNDA:0,(anonymous_17)
FNDA:0,(anonymous_18)
FNDA:1,(anonymous_19)
FNDA:0,(anonymous_20)
FNDA:0,(anonymous_21)
FNDA:0,(anonymous_22)
FNDA:0,(anonymous_23)
FNDA:0,(anonymous_24)
FNDA:0,(anonymous_25)
FNDA:0,(anonymous_26)
FNDA:0,(anonymous_27)
FNDA:0,(anonymous_28)
FNDA:0,(anonymous_29)
FNDA:1,(anonymous_30)
FNDA:0,(anonymous_31)
FNDA:0,(anonymous_32)
FNDA:0,(anonymous_33)
FNDA:3,(anonymous_34)
FNDA:1,(anonymous_35)
FNDA:0,(anonymous_36)
FNDA:0,(anonymous_37)
FNDA:0,(anonymous_38)
FNDA:0,(anonymous_39)
FNDA:0,(anonymous_40)
FNDA:0,(anonymous_41)
FNDA:0,(anonymous_42)
FNDA:0,(anonymous_43)
FNDA:0,(anonymous_44)
FNDA:0,(anonymous_45)
FNDA:0,(anonymous_46)
FNDA:0,(anonymous_47)
FNDA:0,(anonymous_48)
FNDA:0,(anonymous_49)
FNDA:0,(anonymous_50)
FNDA:0,(anonymous_51)
FNDA:0,(anonymous_52)
FNDA:0,(anonymous_53)
FNDA:0,(anonymous_54)
FNDA:0,(anonymous_55)
FNDA:0,(anonymous_56)
FNDA:0,(anonymous_57)
FNDA:0,(anonymous_58)
FNDA:0,(anonymous_59)
FNDA:0,(anonymous_60)
FNDA:0,(anonymous_61)
FNDA:0,(anonymous_62)
FNDA:1,(anonymous_63)
FNDA:0,(anonymous_64)
FNDA:0,(anonymous_65)
FNDA:0,(anonymous_66)
FNDA:0,(anonymous_67)
FNDA:0,(anonymous_68)
FNDA:0,(anonymous_69)
DA:2,5
DA:4,5
DA:14,2
DA:15,0
DA:16,0
DA:21,3
DA:22,0
DA:23,0
DA:29,0
DA:30,0
DA:31,0
DA:32,0
DA:35,0
DA:39,3
DA:40,0
DA:41,7
DA:42,0
DA:43,0
DA:50,0
DA:56,0
DA:57,0
DA:58,1
DA:59,0
DA:60,0
DA:61,0
DA:62,0
DA:63,0
DA:64,0
DA:70,0
DA:71,0
DA:72,0
DA:73,0
DA:79,1
DA:80,0
DA:81,0
DA:82,0
DA:83,3
DA:84,1
DA:85,0
DA:86,0
DA:87,0
DA:88,0
DA:92,0
DA:93,0
DA:95,0
DA:97,0
DA:98,0
DA:99,0
DA:100,0
DA:101,0
DA:102,0
DA:104,0
DA:106,0
DA:108,0
DA:110,0
DA:119,0
DA:120,0
DA:126,0
DA:131,0
DA:136,0
DA:138,0
DA:147,0
DA:152,0
DA:163,0
DA:168,0
DA:170,1
DA:171,0
DA:172,0
DA:176,0
DA:178,0
DA:179,0
DA:199,0
LF:72
LH:11
BRF:0
BRH:0
end_of_record
TN:
SF:src\api\subscription.js
FN:4,getSubscription
FN:8,createCheckoutSession
FNF:2
FNH:0
FNDA:0,getSubscription
FNDA:0,createCheckoutSession
DA:5,0
DA:9,0
LF:2
LH:0
BRF:0
BRH:0
end_of_record
TN:
SF:src\api\tasks.js
FN:4,getTodayTasks
FN:8,getUpcomingTasks
FN:12,getTasks
FN:16,completeTask
FN:20,reopenTask
FN:24,deleteTask
FN:28,createCustomTask
FNF:7
FNH:2
FNDA:2,getTodayTasks
FNDA:0,getUpcomingTasks
FNDA:0,getTasks
FNDA:1,completeTask
FNDA:0,reopenTask
FNDA:0,deleteTask
FNDA:0,createCustomTask
DA:5,2
DA:9,0
DA:13,0
DA:17,1
DA:21,0
DA:25,0
DA:29,0
LF:7
LH:2
BRF:0
BRH:0
end_of_record
TN:
SF:src\api\tokens.js
FN:4,getTokenBalance
FN:8,consumeTokens
FN:12,grantTokens
FNF:3
FNH:0
FNDA:0,getTokenBalance
FNDA:0,consumeTokens
FNDA:0,grantTokens
DA:5,0
DA:9,0
DA:13,0
LF:3
LH:0
BRF:0
BRH:0
end_of_record
TN:
SF:src\api\users.js
FN:4,getProfile
FN:8,updateAvatar
FN:12,updateBanner
FN:16,updateBio
FN:23,followUser
FN:27,unfollowUser
FN:31,isFollowing
FN:35,getFollowers
FN:39,getFollowing
FN:43,updateNotificationPreferences
FN:50,updateGrowInterests
FN:57,getCertificates
FN:61,onboardCreator
FN:68,getUserPosts
FN:77,getUserGrowLogs
FNF:15
FNH:5
FNDA:0,getProfile
FNDA:0,updateAvatar
FNDA:0,updateBanner
FNDA:1,updateBio
FNDA:2,followUser
FNDA:0,unfollowUser
FNDA:7,isFollowing
FNDA:0,getFollowers
FNDA:0,getFollowing
FNDA:0,updateNotificationPreferences
FNDA:0,updateGrowInterests
FNDA:1,getCertificates
FNDA:1,onboardCreator
FNDA:0,getUserPosts
FNDA:0,getUserGrowLogs
DA:5,0
DA:9,0
DA:13,0
DA:17,1
DA:24,2
DA:28,0
DA:32,7
DA:36,0
DA:40,0
DA:44,0
DA:51,0
DA:58,1
DA:62,1
DA:74,0
DA:78,0
LF:15
LH:5
BRDA:68,0,0,0
BRDA:77,1,0,0
BRF:2
BRH:0
end_of_record
TN:
SF:src\auth\AuthContext.tsx
FN:26,AuthProvider
FN:31,(anonymous_1)
FN:33,(anonymous_2)
FN:57,(anonymous_3)
FN:69,login
FN:78,signup
FN:87,logout
FN:95,(anonymous_7)
FN:110,useAuth
FN:117,getAuthErrorMessage
FNF:10
FNH:0
FNDA:0,AuthProvider
FNDA:0,(anonymous_1)
FNDA:0,(anonymous_2)
FNDA:0,(anonymous_3)
FNDA:0,login
FNDA:0,signup
FNDA:0,logout
FNDA:0,(anonymous_7)
FNDA:0,useAuth
FNDA:0,getAuthErrorMessage
DA:24,1
DA:27,0
DA:28,0
DA:29,0
DA:31,0
DA:32,0
DA:33,0
DA:34,0
DA:35,0
DA:36,0
DA:37,0
DA:38,0
DA:39,0
DA:40,0
DA:41,0
DA:42,0
DA:45,0
DA:46,0
DA:47,0
DA:48,0
DA:49,0
DA:54,0
DA:57,0
DA:58,0
DA:63,0
DA:70,0
DA:71,0
DA:72,0
DA:73,0
DA:74,0
DA:75,0
DA:79,0
DA:80,0
DA:81,0
DA:82,0
DA:83,0
DA:84,0
DA:88,0
DA:89,0
DA:90,0
DA:91,0
DA:94,0
DA:95,0
DA:107,0
DA:111,0
DA:112,0
DA:113,0
DA:118,0
DA:119,0
DA:121,0
DA:122,0
LF:51
LH:1
BRDA:36,0,0,0
BRDA:36,0,1,0
BRDA:39,1,0,0
BRDA:39,1,1,0
BRDA:42,2,0,0
BRDA:42,2,1,0
BRDA:45,3,0,0
BRDA:45,3,1,0
BRDA:54,4,0,0
BRDA:54,4,1,0
BRDA:64,5,0,0
BRDA:64,5,1,0
BRDA:112,6,0,0
BRDA:112,6,1,0
BRDA:118,7,0,0
BRDA:118,7,1,0
BRDA:118,8,0,0
BRDA:118,8,1,0
BRDA:118,8,2,0
BRDA:121,9,0,0
BRDA:121,9,1,0
BRF:21
BRH:0
end_of_record
TN:
SF:src\auth\tokenStore.ts
FN:6,setToken
FN:24,getToken
FNF:2
FNH:0
FNDA:0,setToken
FNDA:0,getToken
DA:4,1
DA:7,0
DA:8,0
DA:9,0
DA:10,0
DA:12,0
DA:13,0
DA:16,0
DA:17,0
DA:18,0
DA:21,0
DA:25,0
DA:26,0
DA:28,0
LF:14
LH:1
BRDA:7,0,0,0
BRDA:7,0,1,0
BRDA:8,1,0,0
BRDA:8,1,1,0
BRDA:16,2,0,0
BRDA:16,2,1,0
BRDA:25,3,0,0
BRDA:25,3,1,0
BRF:8
BRH:0
end_of_record
TN:
SF:src\components\FollowButton.js
FN:5,FollowButton
FN:8,(anonymous_1)
FN:10,load
FN:21,(anonymous_3)
FN:24,toggle
FNF:5
FNH:4
FNDA:7,FollowButton
FNDA:7,(anonymous_1)
FNDA:7,load
FNDA:7,(anonymous_3)
FNDA:0,toggle
DA:6,7
DA:8,7
DA:9,7
DA:11,7
DA:12,7
DA:13,0
DA:14,0
DA:15,0
DA:20,7
DA:21,7
DA:25,0
DA:26,0
DA:27,0
DA:28,0
DA:30,0
DA:31,0
DA:38,7
LF:17
LH:8
BRDA:13,0,0,0
BRDA:13,0,1,0
BRDA:14,1,0,0
BRDA:14,1,1,0
BRDA:15,2,0,0
BRDA:15,2,1,0
BRDA:26,3,0,0
BRDA:26,3,1,0
BRDA:45,4,0,0
BRDA:45,4,1,7
BRDA:48,5,0,0
BRDA:48,5,1,7
BRDA:49,6,0,0
BRDA:49,6,1,7
BRF:14
BRH:3
end_of_record
TN:
SF:src\components\ScreenContainer.js
FN:20,ScreenContainer
FN:39,(anonymous_1)
FN:55,(anonymous_2)
FNF:3
FNH:2
FNDA:8,ScreenContainer
FNDA:14,(anonymous_1)
FNDA:0,(anonymous_2)
DA:20,1
DA:32,8
DA:33,8
DA:34,8
DA:35,8
DA:38,8
DA:40,14
DA:41,14
DA:42,0
DA:43,14
DA:44,0
DA:46,14
DA:47,0
DA:48,14
DA:49,0
DA:55,8
DA:56,0
DA:57,0
DA:58,0
DA:59,0
DA:60,0
DA:61,0
DA:65,8
DA:67,8
DA:81,1
DA:82,1
LF:26
LH:16
BRDA:23,0,0,1
BRDA:24,1,0,8
BRDA:27,2,0,8
BRDA:32,3,0,7
BRDA:32,3,1,1
BRDA:35,4,0,7
BRDA:35,4,1,1
BRDA:41,5,0,0
BRDA:41,5,1,14
BRDA:43,6,0,0
BRDA:43,6,1,14
BRDA:46,7,0,0
BRDA:46,7,1,14
BRDA:48,8,0,0
BRDA:48,8,1,14
BRDA:56,9,0,0
BRDA:56,9,1,0
BRDA:56,10,0,0
BRDA:56,10,1,0
BRDA:58,11,0,0
BRDA:58,11,1,0
BRDA:60,12,0,0
BRDA:60,12,1,0
BRDA:69,13,0,7
BRDA:69,13,1,1
BRDA:69,14,0,1
BRDA:69,14,1,1
BRDA:81,15,0,1
BRDA:81,15,1,1
BRDA:85,16,0,0
BRDA:85,16,1,1
BRF:31
BRH:18
end_of_record
TN:
SF:src\config\interests.js
FN:111,getAllTags
FN:113,(anonymous_1)
FNF:2
FNH:0
FNDA:0,getAllTags
FNDA:0,(anonymous_1)
DA:1,1
DA:112,0
DA:113,0
DA:114,0
DA:116,0
LF:5
LH:1
BRF:0
BRH:0
end_of_record
TN:
SF:src\hooks\usePushRegistration.ts
FN:9,usePushRegistration
FN:12,(anonymous_1)
FN:20,(anonymous_2)
FN:33,(anonymous_3)
FNF:4
FNH:0
FNDA:0,usePushRegistration
FNDA:0,(anonymous_1)
FNDA:0,(anonymous_2)
FNDA:0,(anonymous_3)
DA:10,0
DA:12,0
DA:13,0
DA:16,0
DA:18,0
DA:20,0
DA:21,0
DA:26,0
DA:29,0
DA:33,0
DA:34,0
LF:11
LH:0
BRDA:13,0,0,0
BRDA:13,0,1,0
BRDA:13,1,0,0
BRDA:13,1,1,0
BRDA:13,1,2,0
BRDA:16,2,0,0
BRDA:16,2,1,0
BRDA:26,3,0,0
BRDA:26,3,1,0
BRF:9
BRH:0
end_of_record
TN:
SF:src\hooks\useTabPressScrollReset.js
FN:4,useTabPressScrollReset
FN:7,(anonymous_1)
FN:9,(anonymous_2)
FN:10,(anonymous_3)
FNF:4
FNH:2
FNDA:8,useTabPressScrollReset
FNDA:8,(anonymous_1)
FNDA:0,(anonymous_2)
FNDA:0,(anonymous_3)
DA:5,8
DA:7,8
DA:8,8
DA:9,8
DA:10,0
DA:11,0
DA:14,8
LF:7
LH:5
BRDA:8,0,0,0
BRDA:8,0,1,8
BRF:2
BRH:1
end_of_record
TN:
SF:src\screens\CoursesScreen.js
FN:4,CoursesScreen
FN:15,(anonymous_1)
FN:16,(anonymous_2)
FNF:3
FNH:3
FNDA:6,CoursesScreen
FNDA:18,(anonymous_1)
FNDA:12,(anonymous_2)
DA:5,6
DA:10,6
DA:15,18
DA:16,12
LF:4
LH:4
BRF:0
BRH:0
end_of_record
TN:
SF:src\screens\ForumPostDetailScreen.js
FN:32,ForumPostDetailScreen
FN:43,(anonymous_1)
FN:53,(anonymous_2)
FN:57,(anonymous_3)
FN:58,(anonymous_4)
FN:72,(anonymous_5)
FN:77,(anonymous_6)
FN:85,(anonymous_7)
FN:90,(anonymous_8)
FN:97,(anonymous_9)
FN:98,(anonymous_10)
FN:106,(anonymous_11)
FN:107,(anonymous_12)
FN:113,toggleLike
FN:119,submitComment
FN:124,handleDelete
FN:128,handleSave
FN:137,handleUnsave
FN:146,handleGrowLogImport
FN:155,handleReport
FN:166,(anonymous_20)
FN:170,(anonymous_21)
FN:174,(anonymous_22)
FN:178,(anonymous_23)
FN:185,submitReport
FN:226,(anonymous_25)
FN:231,(anonymous_26)
FN:275,(anonymous_27)
FN:277,(anonymous_28)
FN:295,(anonymous_29)
FNF:30
FNH:6
FNDA:8,ForumPostDetailScreen
FNDA:7,(anonymous_1)
FNDA:7,(anonymous_2)
FNDA:0,(anonymous_3)
FNDA:0,(anonymous_4)
FNDA:0,(anonymous_5)
FNDA:0,(anonymous_6)
FNDA:0,(anonymous_7)
FNDA:0,(anonymous_8)
FNDA:0,(anonymous_9)
FNDA:0,(anonymous_10)
FNDA:0,(anonymous_11)
FNDA:0,(anonymous_12)
FNDA:0,toggleLike
FNDA:0,submitComment
FNDA:0,handleDelete
FNDA:0,handleSave
FNDA:0,handleUnsave
FNDA:0,handleGrowLogImport
FNDA:0,handleReport
FNDA:0,(anonymous_20)
FNDA:0,(anonymous_21)
FNDA:0,(anonymous_22)
FNDA:0,(anonymous_23)
FNDA:0,submitReport
FNDA:0,(anonymous_25)
FNDA:7,(anonymous_26)
FNDA:21,(anonymous_27)
FNDA:14,(anonymous_28)
FNDA:0,(anonymous_29)
DA:33,8
DA:34,8
DA:35,8
DA:36,8
DA:38,8
DA:39,8
DA:41,8
DA:44,7
DA:45,7
DA:46,7
DA:47,7
DA:51,8
DA:53,7
DA:56,8
DA:57,0
DA:59,0
DA:60,0
DA:61,0
DA:62,0
DA:68,0
DA:70,0
DA:73,0
DA:74,0
DA:78,0
DA:80,0
DA:85,0
DA:86,0
DA:91,0
DA:92,0
DA:96,8
DA:97,0
DA:99,0
DA:100,0
DA:101,0
DA:105,8
DA:106,0
DA:108,0
DA:114,0
DA:115,0
DA:116,0
DA:120,0
DA:121,0
DA:125,0
DA:129,0
DA:130,0
DA:131,0
DA:133,0
DA:138,0
DA:139,0
DA:140,0
DA:142,0
DA:147,0
DA:148,0
DA:149,0
DA:151,0
DA:156,0
DA:166,0
DA:170,0
DA:174,0
DA:178,0
DA:186,0
DA:187,0
DA:188,0
DA:193,0
DA:197,8
DA:198,1
DA:205,7
DA:207,7
DA:209,7
DA:227,0
DA:232,7
DA:275,21
DA:278,14
DA:295,0
DA:322,1
LF:75
LH:25
BRDA:35,0,0,8
BRDA:35,0,1,8
BRDA:35,0,2,0
BRDA:45,1,0,7
BRDA:45,1,1,0
BRDA:46,2,0,7
BRDA:46,2,1,0
BRDA:51,3,0,1
BRDA:57,4,0,0
BRDA:57,4,1,0
BRDA:61,5,0,0
BRDA:61,5,1,0
BRDA:61,6,0,0
BRDA:61,6,1,0
BRDA:73,7,0,0
BRDA:73,7,1,0
BRDA:78,8,0,0
BRDA:78,8,1,0
BRDA:80,9,0,0
BRDA:80,9,1,0
BRDA:82,10,0,0
BRDA:82,10,1,0
BRDA:114,11,0,0
BRDA:114,11,1,0
BRDA:114,12,0,0
BRDA:114,12,1,0
BRDA:120,13,0,0
BRDA:120,13,1,0
BRDA:197,14,0,1
BRDA:197,14,1,7
BRDA:197,15,0,8
BRDA:197,15,1,1
BRDA:205,16,0,0
BRDA:205,16,1,7
BRDA:207,17,0,7
BRDA:207,17,1,0
BRDA:207,17,2,0
BRDA:214,18,0,7
BRDA:214,18,1,0
BRDA:214,18,2,0
BRDA:214,18,3,0
BRDA:225,19,0,7
BRDA:225,19,1,7
BRDA:229,20,0,7
BRDA:229,20,1,7
BRDA:229,20,2,7
BRDA:238,21,0,7
BRDA:238,21,1,0
BRDA:241,22,0,7
BRDA:241,22,1,0
BRDA:244,23,0,0
BRDA:244,23,1,0
BRDA:248,24,0,0
BRDA:248,24,1,0
BRDA:248,24,2,0
BRDA:252,25,0,7
BRDA:252,25,1,0
BRDA:258,26,0,7
BRDA:258,26,1,0
BRDA:264,27,0,7
BRDA:264,27,1,0
BRDA:281,28,0,14
BRDA:281,28,1,0
BRDA:281,28,2,0
BRDA:281,28,3,0
BRDA:281,28,4,0
BRDA:281,28,5,0
BRDA:281,28,6,0
BRDA:293,29,0,14
BRDA:293,29,1,0
BRDA:293,29,2,0
BRDA:293,30,0,14
BRDA:293,30,1,0
BRDA:303,31,0,7
BRDA:303,31,1,0
BRDA:314,32,0,0
BRDA:314,32,1,0
BRF:77
BRH:26
end_of_record
TN:
SF:src\screens\LiveSessionScreen.js
FN:12,safeFetchJson
FN:28,LiveSessionScreen
FN:36,(anonymous_2)
FN:40,host
FN:55,join
FN:72,end
FN:78,(anonymous_6)
FNF:7
FNH:2
FNDA:0,safeFetchJson
FNDA:3,LiveSessionScreen
FNDA:3,(anonymous_2)
FNDA:0,host
FNDA:0,join
FNDA:0,end
FNDA:0,(anonymous_6)
DA:13,0
DA:17,0
DA:18,0
DA:19,0
DA:20,0
DA:22,0
DA:24,0
DA:25,0
DA:29,3
DA:30,3
DA:31,3
DA:32,3
DA:33,3
DA:35,3
DA:36,3
DA:41,0
DA:42,0
DA:43,0
DA:47,0
DA:48,0
DA:50,0
DA:51,0
DA:56,0
DA:57,0
DA:58,0
DA:59,0
DA:60,0
DA:64,0
DA:65,0
DA:67,0
DA:68,0
DA:73,0
DA:79,0
DA:80,0
DA:85,0
DA:86,0
DA:87,0
DA:93,3
DA:159,1
LF:39
LH:9
BRDA:14,0,0,0
BRDA:14,0,1,0
BRDA:15,1,0,0
BRDA:15,1,1,0
BRDA:20,2,0,0
BRDA:20,2,1,0
BRDA:24,3,0,0
BRDA:24,3,1,0
BRDA:24,4,0,0
BRDA:24,4,1,0
BRDA:29,5,0,3
BRDA:29,5,1,3
BRDA:36,6,0,0
BRDA:36,6,1,3
BRDA:47,7,0,0
BRDA:47,7,1,0
BRDA:50,8,0,0
BRDA:50,8,1,0
BRDA:57,9,0,0
BRDA:57,9,1,0
BRDA:64,10,0,0
BRDA:64,10,1,0
BRDA:67,11,0,0
BRDA:67,11,1,0
BRDA:105,12,0,3
BRDA:105,12,1,3
BRDA:118,13,0,0
BRDA:118,13,1,3
BRDA:123,14,0,0
BRDA:123,14,1,0
BRDA:123,14,2,0
BRDA:136,15,0,3
BRDA:136,15,1,0
BRDA:137,16,0,0
BRDA:137,16,1,3
BRDA:141,17,0,0
BRDA:141,17,1,3
BRDA:141,18,0,0
BRDA:141,18,1,3
BRF:39
BRH:10
end_of_record
TN:
SF:src\theme\theme.js
FN:20,(anonymous_0)
FNF:1
FNH:0
FNDA:0,(anonymous_0)
DA:2,1
DA:15,1
DA:20,1
DA:23,1
DA:38,1
DA:57,1
LF:6
LH:6
BRDA:20,0,0,0
BRF:1
BRH:0
end_of_record
TN:
SF:src\utils\calendar.js
FN:1,toDateKey
FN:8,groupItemsByDate
FN:8,(anonymous_2)
FN:9,(anonymous_3)
FNF:4
FNH:3
FNDA:9,toDateKey
FNDA:1,groupItemsByDate
FNDA:0,(anonymous_2)
FNDA:5,(anonymous_3)
DA:2,9
DA:3,7
DA:4,7
DA:5,5
DA:8,0
DA:9,1
DA:10,5
DA:11,5
DA:12,5
DA:13,3
DA:14,3
DA:15,3
LF:12
LH:11
BRDA:2,0,0,2
BRDA:2,0,1,7
BRDA:3,1,0,1
BRDA:3,1,1,6
BRDA:4,2,0,2
BRDA:4,2,1,5
BRDA:8,3,0,0
BRDA:8,4,0,0
BRDA:10,5,0,5
BRDA:10,5,1,0
BRDA:12,6,0,2
BRDA:12,6,1,3
BRDA:13,7,0,2
BRDA:13,7,1,1
BRF:14
BRH:11
end_of_record
TN:
SF:src\utils\creator.js
FN:1,getCreatorName
FNF:1
FNH:1
FNDA:5,getCreatorName
DA:2,5
DA:3,2
DA:5,3
LF:3
LH:3
BRDA:1,0,0,4
BRDA:2,1,0,2
BRDA:2,1,1,3
BRDA:2,2,0,5
BRDA:2,2,1,3
BRDA:6,3,0,3
BRDA:6,3,1,2
BRDA:6,3,2,1
BRDA:6,3,3,0
BRF:9
BRH:8
end_of_record
TN:
SF:src\utils\entitlements.js
FN:2,requireEntitlement
FN:12,requirePro
FN:178,getEntitlement
FN:185,getEntitlements
FN:199,(anonymous_4)
FN:200,(anonymous_5)
FNF:6
FNH:1
FNDA:0,requireEntitlement
FNDA:0,requirePro
FNDA:0,getEntitlement
FNDA:1,getEntitlements
FNDA:0,(anonymous_4)
FNDA:0,(anonymous_5)
DA:3,0
DA:4,0
DA:5,0
DA:7,0
DA:8,0
DA:13,0
DA:18,1
DA:27,1
DA:47,1
DA:179,0
DA:180,0
DA:181,0
DA:187,1
DA:192,1
DA:193,1
DA:195,1
DA:199,0
DA:200,0
LF:18
LH:7
BRDA:3,0,0,0
BRDA:3,0,1,0
BRDA:180,1,0,0
BRDA:180,1,1,0
BRDA:181,2,0,0
BRDA:181,2,1,0
BRDA:185,3,0,0
BRDA:187,4,0,1
BRDA:187,4,1,0
BRDA:187,4,2,0
BRDA:189,5,0,0
BRDA:189,5,1,0
BRDA:193,6,0,1
BRDA:193,6,1,0
BRF:14
BRH:2
end_of_record
TN:
SF:src\utils\forumFeed.js
FN:1,shouldAutoFetchMore
FNF:1
FNH:1
FNDA:5,shouldAutoFetchMore
DA:8,5
DA:10,5
DA:11,1
DA:14,4
DA:15,2
DA:18,2
DA:19,1
DA:22,1
LF:8
LH:8
BRDA:10,0,0,1
BRDA:10,0,1,4
BRDA:14,1,0,2
BRDA:14,1,1,2
BRDA:14,2,0,4
BRDA:14,2,1,3
BRDA:18,3,0,1
BRDA:18,3,1,1
BRF:8
BRH:8
end_of_record
TN:
SF:src\utils\growInterests.js
FN:4,(anonymous_0)
FN:8,(anonymous_1)
FN:9,(anonymous_2)
FN:15,getTier1Metadata
FN:19,getTier1Options
FN:23,normalizeInterestList
FN:33,flattenGrowInterests
FN:35,(anonymous_7)
FN:36,(anonymous_8)
FN:41,ensureTier1Selection
FN:47,(anonymous_10)
FN:57,normalizePendingInterests
FN:60,(anonymous_12)
FN:67,defaultTagAccessor
FN:75,filterPostsByInterests
FN:81,(anonymous_15)
FN:83,(anonymous_16)
FN:86,(anonymous_17)
FN:93,buildEmptyTierSelection
FN:95,(anonymous_19)
FN:101,groupTagsByTier
FN:104,(anonymous_21)
FN:112,(anonymous_22)
FN:113,(anonymous_23)
FN:123,flattenTierSelections
FN:126,(anonymous_25)
FN:128,(anonymous_26)
FNF:27
FNH:17
FNDA:1,(anonymous_0)
FNDA:7,(anonymous_1)
FNDA:57,(anonymous_2)
FNDA:0,getTier1Metadata
FNDA:2,getTier1Options
FNDA:12,normalizeInterestList
FNDA:1,flattenGrowInterests
FNDA:4,(anonymous_7)
FNDA:5,(anonymous_8)
FNDA:3,ensureTier1Selection
FNDA:18,(anonymous_10)
FNDA:1,normalizePendingInterests
FNDA:2,(anonymous_12)
FNDA:6,defaultTagAccessor
FNDA:3,filterPostsByInterests
FNDA:6,(anonymous_15)
FNDA:8,(anonymous_16)
FNDA:4,(anonymous_17)
FNDA:0,buildEmptyTierSelection
FNDA:0,(anonymous_19)
FNDA:0,groupTagsByTier
FNDA:0,(anonymous_21)
FNDA:0,(anonymous_22)
FNDA:0,(anonymous_23)
FNDA:0,flattenTierSelections
FNDA:0,(anonymous_25)
FNDA:0,(anonymous_26)
DA:4,1
DA:6,1
DA:7,1
DA:8,1
DA:9,7
DA:10,57
DA:11,57
DA:16,0
DA:20,2
DA:24,12
DA:25,10
DA:27,2
DA:28,2
DA:30,0
DA:34,1
DA:35,1
DA:36,5
DA:38,1
DA:42,3
DA:43,3
DA:44,1
DA:46,2
DA:48,18
DA:51,2
DA:52,2
DA:54,0
DA:58,1
DA:59,1
DA:60,1
DA:61,2
DA:63,1
DA:64,1
DA:68,6
DA:69,6
DA:70,0
DA:71,0
DA:72,0
DA:76,3
DA:77,2
DA:78,2
DA:79,2
DA:81,2
DA:82,6
DA:83,8
DA:84,2
DA:86,4
DA:87,1
DA:89,3
DA:94,0
DA:95,0
DA:96,0
DA:98,0
DA:102,0
DA:103,0
DA:104,0
DA:105,0
DA:106,0
DA:107,0
DA:108,0
DA:112,0
DA:113,0
DA:114,0
DA:115,0
DA:116,0
DA:120,0
DA:124,0
DA:125,0
DA:126,0
DA:127,0
DA:128,0
DA:129,0
DA:130,0
DA:131,0
DA:135,0
LF:74
LH:42
BRDA:4,0,0,1
BRDA:4,0,1,0
BRDA:20,1,0,2
BRDA:20,1,1,0
BRDA:24,2,0,10
BRDA:24,2,1,2
BRDA:27,3,0,2
BRDA:27,3,1,0
BRDA:27,4,0,2
BRDA:27,4,1,2
BRDA:33,5,0,0
BRDA:41,6,0,0
BRDA:43,7,0,1
BRDA:43,7,1,2
BRDA:51,8,0,2
BRDA:51,8,1,0
BRDA:58,9,0,0
BRDA:58,9,1,1
BRDA:58,10,0,1
BRDA:58,10,1,1
BRDA:68,11,0,0
BRDA:68,11,1,6
BRDA:69,12,0,6
BRDA:69,12,1,0
BRDA:70,13,0,0
BRDA:70,13,1,0
BRDA:71,14,0,0
BRDA:71,14,1,0
BRDA:75,15,0,3
BRDA:76,16,0,1
BRDA:76,16,1,2
BRDA:76,17,0,3
BRDA:76,17,1,3
BRDA:76,17,2,1
BRDA:76,18,0,1
BRDA:76,18,1,0
BRDA:77,19,0,2
BRDA:77,19,1,0
BRDA:78,20,0,2
BRDA:78,20,1,0
BRDA:79,21,0,2
BRDA:79,21,1,0
BRDA:83,22,0,2
BRDA:83,22,1,4
BRDA:83,23,0,6
BRDA:83,23,1,6
BRDA:86,24,0,1
BRDA:86,24,1,3
BRDA:86,25,0,4
BRDA:86,25,1,2
BRDA:101,26,0,0
BRDA:103,27,0,0
BRDA:103,27,1,0
BRDA:106,28,0,0
BRDA:106,28,1,0
BRDA:107,29,0,0
BRDA:107,29,1,0
BRDA:114,30,0,0
BRDA:114,30,1,0
BRDA:115,31,0,0
BRDA:115,31,1,0
BRDA:123,32,0,0
BRDA:127,33,0,0
BRDA:127,33,1,0
BRDA:129,34,0,0
BRDA:129,34,1,0
BRDA:129,35,0,0
BRDA:129,35,1,0
BRF:68
BRH:33
end_of_record
TN:
SF:src\utils\images.js
FN:11,resolveImageUrl
FNF:1
FNH:0
FNDA:0,resolveImageUrl
DA:12,0
DA:13,0
DA:17,0
DA:18,0
DA:20,0
LF:5
LH:0
BRDA:12,0,0,0
BRDA:12,0,1,0
BRDA:13,1,0,0
BRDA:13,1,1,0
BRF:4
BRH:0
end_of_record
TN:
SF:src\utils\marketplaceTransforms.js
FN:1,(anonymous_0)
FN:8,(anonymous_1)
FNF:2
FNH:2
FNDA:2,(anonymous_0)
FNDA:3,(anonymous_1)
DA:1,1
DA:2,2
DA:3,2
DA:4,1
DA:5,0
DA:8,1
DA:9,3
DA:10,3
DA:11,2
DA:12,2
DA:13,1
DA:15,0
DA:18,1
DA:19,1
LF:14
LH:12
BRDA:2,0,0,2
BRDA:2,0,1,1
BRDA:2,0,2,0
BRDA:3,1,0,1
BRDA:3,1,1,1
BRDA:4,2,0,1
BRDA:4,2,1,0
BRDA:9,3,0,3
BRDA:9,3,1,1
BRDA:9,3,2,0
BRDA:10,4,0,1
BRDA:10,4,1,2
BRDA:11,5,0,2
BRDA:11,5,1,0
BRDA:12,6,0,1
BRDA:12,6,1,1
BRDA:18,7,0,1
BRDA:18,7,1,0
BRF:18
BRH:13
end_of_record
TN:
SF:src\utils\posts.js
FN:1,normalizePostList
FN:8,normalizeId
FN:22,userHasLiked
FN:24,(anonymous_3)
FN:27,applyLikeMetadata
FN:31,(anonymous_5)
FN:32,(anonymous_6)
FN:39,(anonymous_7)
FNF:8
FNH:8
FNDA:4,normalizePostList
FNDA:10,normalizeId
FNDA:2,userHasLiked
FNDA:5,(anonymous_3)
FNDA:2,applyLikeMetadata
FNDA:5,(anonymous_5)
FNDA:5,(anonymous_6)
FNDA:3,(anonymous_7)
DA:2,4
DA:3,3
DA:4,2
DA:5,1
DA:9,10
DA:10,10
DA:11,3
DA:12,3
DA:13,3
DA:14,1
DA:15,1
DA:16,1
DA:19,0
DA:23,2
DA:24,5
DA:28,2
DA:29,2
DA:31,5
DA:32,5
DA:35,2
DA:36,2
DA:37,1
DA:38,1
DA:39,3
DA:42,2
DA:43,2
DA:44,2
DA:46,2
LF:28
LH:27
BRDA:2,0,0,1
BRDA:2,0,1,3
BRDA:3,1,0,1
BRDA:3,1,1,2
BRDA:4,2,0,1
BRDA:4,2,1,1
BRDA:9,3,0,0
BRDA:9,3,1,10
BRDA:10,4,0,7
BRDA:10,4,1,3
BRDA:11,5,0,0
BRDA:11,5,1,3
BRDA:12,6,0,3
BRDA:12,6,1,0
BRDA:13,7,0,2
BRDA:13,7,1,1
BRDA:14,8,0,0
BRDA:14,8,1,1
BRDA:15,9,0,1
BRDA:15,9,1,0
BRDA:23,10,0,0
BRDA:23,10,1,2
BRDA:23,11,0,2
BRDA:23,11,1,2
BRDA:23,11,2,2
BRDA:28,12,0,0
BRDA:28,12,1,2
BRDA:29,13,0,2
BRDA:29,13,1,0
BRDA:36,14,0,1
BRDA:36,14,1,1
BRDA:36,15,0,2
BRDA:36,15,1,1
BRDA:36,15,2,1
BRDA:38,16,0,1
BRDA:38,16,1,0
BRDA:38,17,0,1
BRDA:38,17,1,1
BRDA:42,18,0,2
BRDA:42,18,1,0
BRDA:43,19,0,1
BRDA:43,19,1,1
BRDA:44,20,0,1
BRDA:44,20,1,1
BRF:44
BRH:34
end_of_record
TN:
SF:src\utils\proHelper.js
FN:4,(anonymous_0)
FN:14,(anonymous_1)
FN:26,(anonymous_2)
FNF:3
FNH:3
FNDA:2,(anonymous_0)
FNDA:5,(anonymous_1)
FNDA:2,(anonymous_2)
DA:4,1
DA:5,2
DA:6,1
DA:7,1
DA:9,1
DA:14,1
DA:16,5
DA:18,5
DA:20,2
DA:22,2
DA:26,1
DA:27,2
DA:28,1
DA:29,1
DA:31,1
DA:35,1
DA:36,1
LF:17
LH:17
BRDA:5,0,0,1
BRDA:5,0,1,1
BRDA:16,1,0,5
BRDA:16,1,1,2
BRDA:16,1,2,1
BRDA:18,2,0,3
BRDA:18,2,1,2
BRDA:20,3,0,2
BRDA:20,3,1,0
BRDA:20,3,2,0
BRDA:27,4,0,1
BRDA:27,4,1,1
BRDA:35,5,0,1
BRDA:35,5,1,0
BRF:14
BRH:11
end_of_record
TN:
SF:tests\contract_utils.js
FN:18,getSpec
FN:40,validateResponse
FN:48,(anonymous_2)
FNF:3
FNH:0
FNDA:0,getSpec
FNDA:0,validateResponse
FNDA:0,(anonymous_2)
DA:1,1
DA:2,1
DA:3,1
DA:4,1
DA:5,1
DA:7,1
DA:8,1
DA:10,1
DA:14,1
DA:16,1
DA:19,0
DA:21,0
DA:22,0
DA:24,0
DA:25,0
DA:28,0
DA:29,0
DA:30,0
DA:32,0
DA:33,0
DA:41,0
DA:42,0
DA:44,0
DA:46,0
DA:47,0
DA:48,0
DA:49,0
DA:50,0
DA:54,0
DA:55,0
DA:56,0
DA:59,0
DA:60,0
DA:61,0
DA:62,0
DA:65,0
DA:66,0
DA:67,0
DA:70,0
DA:71,0
DA:73,0
DA:74,0
DA:76,0
DA:77,0
DA:78,0
DA:83,0
LF:46
LH:10
BRDA:19,0,0,0
BRDA:19,0,1,0
BRDA:24,1,0,0
BRDA:24,1,1,0
BRDA:42,2,0,0
BRDA:42,2,1,0
BRDA:47,3,0,0
BRDA:47,3,1,0
BRDA:54,4,0,0
BRDA:54,4,1,0
BRDA:54,5,0,0
BRDA:54,5,1,0
BRDA:60,6,0,0
BRDA:60,6,1,0
BRDA:65,7,0,0
BRDA:65,7,1,0
BRDA:66,8,0,0
BRDA:66,8,1,0
BRDA:66,9,0,0
BRDA:66,9,1,0
BRDA:71,10,0,0
BRDA:71,10,1,0
BRDA:76,11,0,0
BRDA:76,11,1,0
BRF:24
BRH:0
end_of_record
TN:
SF:tests\test_utils.js
FN:1,setupNetworkMock
FN:7,(anonymous_1)
FN:28,(anonymous_2)
FN:29,(anonymous_3)
FN:33,(anonymous_4)
FNF:5
FNH:0
FNDA:0,setupNetworkMock
FNDA:0,(anonymous_1)
FNDA:0,(anonymous_2)
FNDA:0,(anonymous_3)
FNDA:0,(anonymous_4)
DA:2,0
DA:3,0
DA:5,0
DA:7,0
DA:8,0
DA:10,0
DA:11,0
DA:12,0
DA:13,0
DA:15,0
DA:24,0
DA:25,0
DA:28,0
DA:29,0
DA:33,0
DA:34,0
DA:37,0
LF:17
LH:0
BRDA:10,0,0,0
BRDA:10,0,1,0
BRDA:10,1,0,0
BRDA:10,1,1,0
BRDA:16,2,0,0
BRDA:16,2,1,0
BRDA:26,3,0,0
BRDA:26,3,1,0
BRDA:27,4,0,0
BRDA:27,4,1,0
BRDA:28,5,0,0
BRDA:28,5,1,0
BRDA:28,6,0,0
BRDA:28,6,1,0
BRDA:29,7,0,0
BRDA:29,7,1,0
BRDA:29,8,0,0
BRDA:29,8,1,0
BRF:18
BRH:0
end_of_record
